This is pdfTeX, Version 3.14159265-2.6-1.40.19 (TeX Live 2018) (preloaded format=pdflatex 2018.4.29)  11 DEC 2023 15:09
entering extended mode
 restricted \write18 enabled.
 %&-line parsing enabled.
**DvN_results.tex
(./DvN_results.tex
LaTeX2e <2018-04-01> patch level 2
Babel <3.18> and hyphenation patterns for 84 language(s) loaded.
(/usr/local/texlive/2018/texmf-dist/tex/latex/base/article.cls
Document Class: article 2014/09/29 v1.4h Standard LaTeX document class
(/usr/local/texlive/2018/texmf-dist/tex/latex/base/size10.clo
File: size10.clo 2014/09/29 v1.4h Standard LaTeX file (size option)
)
\c@part=\count80
\c@section=\count81
\c@subsection=\count82
\c@subsubsection=\count83
\c@paragraph=\count84
\c@subparagraph=\count85
\c@figure=\count86
\c@table=\count87
\abovecaptionskip=\skip41
\belowcaptionskip=\skip42
\bibindent=\dimen102
) (/usr/local/texlive/2018/texmf-dist/tex/latex/amsmath/amsmath.sty
Package: amsmath 2017/09/02 v2.17a AMS math features
\@mathmargin=\skip43
For additional information on amsmath, use the `?' option.
(/usr/local/texlive/2018/texmf-dist/tex/latex/amsmath/amstext.sty
Package: amstext 2000/06/29 v2.01 AMS text
(/usr/local/texlive/2018/texmf-dist/tex/latex/amsmath/amsgen.sty
File: amsgen.sty 1999/11/30 v2.0 generic functions
\@emptytoks=\toks14
\ex@=\dimen103
)) (/usr/local/texlive/2018/texmf-dist/tex/latex/amsmath/amsbsy.sty
Package: amsbsy 1999/11/29 v1.2d Bold Symbols
\pmbraise@=\dimen104
) (/usr/local/texlive/2018/texmf-dist/tex/latex/amsmath/amsopn.sty
Package: amsopn 2016/03/08 v2.02 operator names
)
\inf@bad=\count88
LaTeX Info: Redefining \frac on input line 213.
\uproot@=\count89
\leftroot@=\count90
LaTeX Info: Redefining \overline on input line 375.
\classnum@=\count91
\DOTSCASE@=\count92
LaTeX Info: Redefining \ldots on input line 472.
LaTeX Info: Redefining \dots on input line 475.
LaTeX Info: Redefining \cdots on input line 596.
\Mathstrutbox@=\box26
\strutbox@=\box27
\big@size=\dimen105
LaTeX Font Info:    Redeclaring font encoding OML on input line 712.
LaTeX Font Info:    Redeclaring font encoding OMS on input line 713.
\macc@depth=\count93
\c@MaxMatrixCols=\count94
\dotsspace@=\muskip10
\c@parentequation=\count95
\dspbrk@lvl=\count96
\tag@help=\toks15
\row@=\count97
\column@=\count98
\maxfields@=\count99
\andhelp@=\toks16
\eqnshift@=\dimen106
\alignsep@=\dimen107
\tagshift@=\dimen108
\tagwidth@=\dimen109
\totwidth@=\dimen110
\lineht@=\dimen111
\@envbody=\toks17
\multlinegap=\skip44
\multlinetaggap=\skip45
\mathdisplay@stack=\toks18
LaTeX Info: Redefining \[ on input line 2817.
LaTeX Info: Redefining \] on input line 2818.
) (/usr/local/texlive/2018/texmf-dist/tex/latex/amsfonts/amssymb.sty
Package: amssymb 2013/01/14 v3.01 AMS font symbols
(/usr/local/texlive/2018/texmf-dist/tex/latex/amsfonts/amsfonts.sty
Package: amsfonts 2013/01/14 v3.01 Basic AMSFonts support
\symAMSa=\mathgroup4
\symAMSb=\mathgroup5
LaTeX Font Info:    Overwriting math alphabet `\mathfrak' in version `bold'
(Font)                  U/euf/m/n --> U/euf/b/n on input line 106.
)) (/usr/local/texlive/2018/texmf-dist/tex/generic/iftex/iftex.sty
Package: iftex 2013/04/04 v0.2 Provides if(tex) conditional for PDFTeX, XeTeX, 
and LuaTeX
) (/usr/local/texlive/2018/texmf-dist/tex/latex/base/fontenc.sty
Package: fontenc 2017/04/05 v2.0i Standard LaTeX package
(/usr/local/texlive/2018/texmf-dist/tex/latex/base/t1enc.def
File: t1enc.def 2017/04/05 v2.0i Standard LaTeX file
LaTeX Font Info:    Redeclaring font encoding T1 on input line 48.
)) (/usr/local/texlive/2018/texmf-dist/tex/latex/base/inputenc.sty
Package: inputenc 2018/04/06 v1.3b Input encoding file
\inpenc@prehook=\toks19
\inpenc@posthook=\toks20
) (/usr/local/texlive/2018/texmf-dist/tex/latex/base/textcomp.sty
Package: textcomp 2017/04/05 v2.0i Standard LaTeX package
Package textcomp Info: Sub-encoding information:
(textcomp)               5 = only ISO-Adobe without \textcurrency
(textcomp)               4 = 5 + \texteuro
(textcomp)               3 = 4 + \textohm
(textcomp)               2 = 3 + \textestimated + \textcurrency
(textcomp)               1 = TS1 - \textcircled - \t
(textcomp)               0 = TS1 (full)
(textcomp)             Font families with sub-encoding setting implement
(textcomp)             only a restricted character set as indicated.
(textcomp)             Family '?' is the default used for unknown fonts.
(textcomp)             See the documentation for details.
Package textcomp Info: Setting ? sub-encoding to TS1/1 on input line 79.
(/usr/local/texlive/2018/texmf-dist/tex/latex/base/ts1enc.def
File: ts1enc.def 2001/06/05 v3.0e (jk/car/fm) Standard LaTeX file
Now handling font encoding TS1 ...
... processing UTF-8 mapping file for font encoding TS1
(/usr/local/texlive/2018/texmf-dist/tex/latex/base/ts1enc.dfu
File: ts1enc.dfu 2018/04/05 v1.2c UTF-8 support for inputenc
   defining Unicode char U+00A2 (decimal 162)
   defining Unicode char U+00A3 (decimal 163)
   defining Unicode char U+00A4 (decimal 164)
   defining Unicode char U+00A5 (decimal 165)
   defining Unicode char U+00A6 (decimal 166)
   defining Unicode char U+00A7 (decimal 167)
   defining Unicode char U+00A8 (decimal 168)
   defining Unicode char U+00A9 (decimal 169)
   defining Unicode char U+00AA (decimal 170)
   defining Unicode char U+00AC (decimal 172)
   defining Unicode char U+00AE (decimal 174)
   defining Unicode char U+00AF (decimal 175)
   defining Unicode char U+00B0 (decimal 176)
   defining Unicode char U+00B1 (decimal 177)
   defining Unicode char U+00B2 (decimal 178)
   defining Unicode char U+00B3 (decimal 179)
   defining Unicode char U+00B4 (decimal 180)
   defining Unicode char U+00B5 (decimal 181)
   defining Unicode char U+00B6 (decimal 182)
   defining Unicode char U+00B7 (decimal 183)
   defining Unicode char U+00B9 (decimal 185)
   defining Unicode char U+00BA (decimal 186)
   defining Unicode char U+00BC (decimal 188)
   defining Unicode char U+00BD (decimal 189)
   defining Unicode char U+00BE (decimal 190)
   defining Unicode char U+00D7 (decimal 215)
   defining Unicode char U+00F7 (decimal 247)
   defining Unicode char U+0192 (decimal 402)
   defining Unicode char U+02C7 (decimal 711)
   defining Unicode char U+02D8 (decimal 728)
   defining Unicode char U+02DD (decimal 733)
   defining Unicode char U+0E3F (decimal 3647)
   defining Unicode char U+2016 (decimal 8214)
   defining Unicode char U+2020 (decimal 8224)
   defining Unicode char U+2021 (decimal 8225)
   defining Unicode char U+2022 (decimal 8226)
   defining Unicode char U+2030 (decimal 8240)
   defining Unicode char U+2031 (decimal 8241)
   defining Unicode char U+203B (decimal 8251)
   defining Unicode char U+203D (decimal 8253)
   defining Unicode char U+2044 (decimal 8260)
   defining Unicode char U+204E (decimal 8270)
   defining Unicode char U+2052 (decimal 8274)
   defining Unicode char U+20A1 (decimal 8353)
   defining Unicode char U+20A4 (decimal 8356)
   defining Unicode char U+20A6 (decimal 8358)
   defining Unicode char U+20A9 (decimal 8361)
   defining Unicode char U+20AB (decimal 8363)
   defining Unicode char U+20AC (decimal 8364)
   defining Unicode char U+20B1 (decimal 8369)
   defining Unicode char U+2103 (decimal 8451)
   defining Unicode char U+2116 (decimal 8470)
   defining Unicode char U+2117 (decimal 8471)
   defining Unicode char U+211E (decimal 8478)
   defining Unicode char U+2120 (decimal 8480)
   defining Unicode char U+2122 (decimal 8482)
   defining Unicode char U+2126 (decimal 8486)
   defining Unicode char U+2127 (decimal 8487)
   defining Unicode char U+212E (decimal 8494)
   defining Unicode char U+2190 (decimal 8592)
   defining Unicode char U+2191 (decimal 8593)
   defining Unicode char U+2192 (decimal 8594)
   defining Unicode char U+2193 (decimal 8595)
   defining Unicode char U+2329 (decimal 9001)
   defining Unicode char U+232A (decimal 9002)
   defining Unicode char U+2422 (decimal 9250)
   defining Unicode char U+25E6 (decimal 9702)
   defining Unicode char U+25EF (decimal 9711)
   defining Unicode char U+266A (decimal 9834)
   defining Unicode char U+FEFF (decimal 65279)
))
LaTeX Info: Redefining \oldstylenums on input line 334.
Package textcomp Info: Setting cmr sub-encoding to TS1/0 on input line 349.
Package textcomp Info: Setting cmss sub-encoding to TS1/0 on input line 350.
Package textcomp Info: Setting cmtt sub-encoding to TS1/0 on input line 351.
Package textcomp Info: Setting cmvtt sub-encoding to TS1/0 on input line 352.
Package textcomp Info: Setting cmbr sub-encoding to TS1/0 on input line 353.
Package textcomp Info: Setting cmtl sub-encoding to TS1/0 on input line 354.
Package textcomp Info: Setting ccr sub-encoding to TS1/0 on input line 355.
Package textcomp Info: Setting ptm sub-encoding to TS1/4 on input line 356.
Package textcomp Info: Setting pcr sub-encoding to TS1/4 on input line 357.
Package textcomp Info: Setting phv sub-encoding to TS1/4 on input line 358.
Package textcomp Info: Setting ppl sub-encoding to TS1/3 on input line 359.
Package textcomp Info: Setting pag sub-encoding to TS1/4 on input line 360.
Package textcomp Info: Setting pbk sub-encoding to TS1/4 on input line 361.
Package textcomp Info: Setting pnc sub-encoding to TS1/4 on input line 362.
Package textcomp Info: Setting pzc sub-encoding to TS1/4 on input line 363.
Package textcomp Info: Setting bch sub-encoding to TS1/4 on input line 364.
Package textcomp Info: Setting put sub-encoding to TS1/5 on input line 365.
Package textcomp Info: Setting uag sub-encoding to TS1/5 on input line 366.
Package textcomp Info: Setting ugq sub-encoding to TS1/5 on input line 367.
Package textcomp Info: Setting ul8 sub-encoding to TS1/4 on input line 368.
Package textcomp Info: Setting ul9 sub-encoding to TS1/4 on input line 369.
Package textcomp Info: Setting augie sub-encoding to TS1/5 on input line 370.
Package textcomp Info: Setting dayrom sub-encoding to TS1/3 on input line 371.
Package textcomp Info: Setting dayroms sub-encoding to TS1/3 on input line 372.

Package textcomp Info: Setting pxr sub-encoding to TS1/0 on input line 373.
Package textcomp Info: Setting pxss sub-encoding to TS1/0 on input line 374.
Package textcomp Info: Setting pxtt sub-encoding to TS1/0 on input line 375.
Package textcomp Info: Setting txr sub-encoding to TS1/0 on input line 376.
Package textcomp Info: Setting txss sub-encoding to TS1/0 on input line 377.
Package textcomp Info: Setting txtt sub-encoding to TS1/0 on input line 378.
Package textcomp Info: Setting lmr sub-encoding to TS1/0 on input line 379.
Package textcomp Info: Setting lmdh sub-encoding to TS1/0 on input line 380.
Package textcomp Info: Setting lmss sub-encoding to TS1/0 on input line 381.
Package textcomp Info: Setting lmssq sub-encoding to TS1/0 on input line 382.
Package textcomp Info: Setting lmvtt sub-encoding to TS1/0 on input line 383.
Package textcomp Info: Setting lmtt sub-encoding to TS1/0 on input line 384.
Package textcomp Info: Setting qhv sub-encoding to TS1/0 on input line 385.
Package textcomp Info: Setting qag sub-encoding to TS1/0 on input line 386.
Package textcomp Info: Setting qbk sub-encoding to TS1/0 on input line 387.
Package textcomp Info: Setting qcr sub-encoding to TS1/0 on input line 388.
Package textcomp Info: Setting qcs sub-encoding to TS1/0 on input line 389.
Package textcomp Info: Setting qpl sub-encoding to TS1/0 on input line 390.
Package textcomp Info: Setting qtm sub-encoding to TS1/0 on input line 391.
Package textcomp Info: Setting qzc sub-encoding to TS1/0 on input line 392.
Package textcomp Info: Setting qhvc sub-encoding to TS1/0 on input line 393.
Package textcomp Info: Setting futs sub-encoding to TS1/4 on input line 394.
Package textcomp Info: Setting futx sub-encoding to TS1/4 on input line 395.
Package textcomp Info: Setting futj sub-encoding to TS1/4 on input line 396.
Package textcomp Info: Setting hlh sub-encoding to TS1/3 on input line 397.
Package textcomp Info: Setting hls sub-encoding to TS1/3 on input line 398.
Package textcomp Info: Setting hlst sub-encoding to TS1/3 on input line 399.
Package textcomp Info: Setting hlct sub-encoding to TS1/5 on input line 400.
Package textcomp Info: Setting hlx sub-encoding to TS1/5 on input line 401.
Package textcomp Info: Setting hlce sub-encoding to TS1/5 on input line 402.
Package textcomp Info: Setting hlcn sub-encoding to TS1/5 on input line 403.
Package textcomp Info: Setting hlcw sub-encoding to TS1/5 on input line 404.
Package textcomp Info: Setting hlcf sub-encoding to TS1/5 on input line 405.
Package textcomp Info: Setting pplx sub-encoding to TS1/3 on input line 406.
Package textcomp Info: Setting pplj sub-encoding to TS1/3 on input line 407.
Package textcomp Info: Setting ptmx sub-encoding to TS1/4 on input line 408.
Package textcomp Info: Setting ptmj sub-encoding to TS1/4 on input line 409.
) (/usr/local/texlive/2018/texmf-dist/tex/latex/lm/lmodern.sty
Package: lmodern 2009/10/30 v1.6 Latin Modern Fonts
LaTeX Font Info:    Overwriting symbol font `operators' in version `normal'
(Font)                  OT1/cmr/m/n --> OT1/lmr/m/n on input line 22.
LaTeX Font Info:    Overwriting symbol font `letters' in version `normal'
(Font)                  OML/cmm/m/it --> OML/lmm/m/it on input line 23.
LaTeX Font Info:    Overwriting symbol font `symbols' in version `normal'
(Font)                  OMS/cmsy/m/n --> OMS/lmsy/m/n on input line 24.
LaTeX Font Info:    Overwriting symbol font `largesymbols' in version `normal'
(Font)                  OMX/cmex/m/n --> OMX/lmex/m/n on input line 25.
LaTeX Font Info:    Overwriting symbol font `operators' in version `bold'
(Font)                  OT1/cmr/bx/n --> OT1/lmr/bx/n on input line 26.
LaTeX Font Info:    Overwriting symbol font `letters' in version `bold'
(Font)                  OML/cmm/b/it --> OML/lmm/b/it on input line 27.
LaTeX Font Info:    Overwriting symbol font `symbols' in version `bold'
(Font)                  OMS/cmsy/b/n --> OMS/lmsy/b/n on input line 28.
LaTeX Font Info:    Overwriting symbol font `largesymbols' in version `bold'
(Font)                  OMX/cmex/m/n --> OMX/lmex/m/n on input line 29.
LaTeX Font Info:    Overwriting math alphabet `\mathbf' in version `normal'
(Font)                  OT1/cmr/bx/n --> OT1/lmr/bx/n on input line 31.
LaTeX Font Info:    Overwriting math alphabet `\mathsf' in version `normal'
(Font)                  OT1/cmss/m/n --> OT1/lmss/m/n on input line 32.
LaTeX Font Info:    Overwriting math alphabet `\mathit' in version `normal'
(Font)                  OT1/cmr/m/it --> OT1/lmr/m/it on input line 33.
LaTeX Font Info:    Overwriting math alphabet `\mathtt' in version `normal'
(Font)                  OT1/cmtt/m/n --> OT1/lmtt/m/n on input line 34.
LaTeX Font Info:    Overwriting math alphabet `\mathbf' in version `bold'
(Font)                  OT1/cmr/bx/n --> OT1/lmr/bx/n on input line 35.
LaTeX Font Info:    Overwriting math alphabet `\mathsf' in version `bold'
(Font)                  OT1/cmss/bx/n --> OT1/lmss/bx/n on input line 36.
LaTeX Font Info:    Overwriting math alphabet `\mathit' in version `bold'
(Font)                  OT1/cmr/bx/it --> OT1/lmr/bx/it on input line 37.
LaTeX Font Info:    Overwriting math alphabet `\mathtt' in version `bold'
(Font)                  OT1/cmtt/m/n --> OT1/lmtt/m/n on input line 38.
) (/usr/local/texlive/2018/texmf-dist/tex/latex/upquote/upquote.sty
Package: upquote 2012/04/19 v1.3 upright-quote and grave-accent glyphs in verba
tim
) (/usr/local/texlive/2018/texmf-dist/tex/latex/microtype/microtype.sty
Package: microtype 2018/01/14 v2.7a Micro-typographical refinements (RS)
(/usr/local/texlive/2018/texmf-dist/tex/latex/graphics/keyval.sty
Package: keyval 2014/10/28 v1.15 key=value parser (DPC)
\KV@toks@=\toks21
)
\MT@toks=\toks22
\MT@count=\count100
LaTeX Info: Redefining \textls on input line 793.
\MT@outer@kern=\dimen112
LaTeX Info: Redefining \textmicrotypecontext on input line 1339.
\MT@listname@count=\count101
(/usr/local/texlive/2018/texmf-dist/tex/latex/microtype/microtype-pdftex.def
File: microtype-pdftex.def 2018/01/14 v2.7a Definitions specific to pdftex (RS)

LaTeX Info: Redefining \lsstyle on input line 913.
LaTeX Info: Redefining \lslig on input line 913.
\MT@outer@space=\skip46
)
Package microtype Info: Loading configuration file microtype.cfg.
(/usr/local/texlive/2018/texmf-dist/tex/latex/microtype/microtype.cfg
File: microtype.cfg 2018/01/14 v2.7a microtype main configuration file (RS)
)) (/usr/local/texlive/2018/texmf-dist/tex/latex/parskip/parskip.sty
Package: parskip 2001/04/09 non-zero parskip adjustments
) (/usr/local/texlive/2018/texmf-dist/tex/latex/xcolor/xcolor.sty
Package: xcolor 2016/05/11 v2.12 LaTeX color extensions (UK)
(/usr/local/texlive/2018/texmf-dist/tex/latex/graphics-cfg/color.cfg
File: color.cfg 2016/01/02 v1.6 sample color configuration
)
Package xcolor Info: Driver file: pdftex.def on input line 225.
(/usr/local/texlive/2018/texmf-dist/tex/latex/graphics-def/pdftex.def
File: pdftex.def 2018/01/08 v1.0l Graphics/color driver for pdftex
)
Package xcolor Info: Model `cmy' substituted by `cmy0' on input line 1348.
Package xcolor Info: Model `hsb' substituted by `rgb' on input line 1352.
Package xcolor Info: Model `RGB' extended on input line 1364.
Package xcolor Info: Model `HTML' substituted by `rgb' on input line 1366.
Package xcolor Info: Model `Hsb' substituted by `hsb' on input line 1367.
Package xcolor Info: Model `tHsb' substituted by `hsb' on input line 1368.
Package xcolor Info: Model `HSB' substituted by `hsb' on input line 1369.
Package xcolor Info: Model `Gray' substituted by `gray' on input line 1370.
Package xcolor Info: Model `wave' substituted by `hsb' on input line 1371.
) (/usr/local/texlive/2018/texmf-dist/tex/latex/geometry/geometry.sty
Package: geometry 2018/03/24 v5.7 Page Geometry
(/usr/local/texlive/2018/texmf-dist/tex/generic/oberdiek/ifpdf.sty
Package: ifpdf 2017/03/15 v3.2 Provides the ifpdf switch
) (/usr/local/texlive/2018/texmf-dist/tex/generic/oberdiek/ifvtex.sty
Package: ifvtex 2016/05/16 v1.6 Detect VTeX and its facilities (HO)
Package ifvtex Info: VTeX not detected.
) (/usr/local/texlive/2018/texmf-dist/tex/generic/ifxetex/ifxetex.sty
Package: ifxetex 2010/09/12 v0.6 Provides ifxetex conditional
)
\Gm@cnth=\count102
\Gm@cntv=\count103
\c@Gm@tempcnt=\count104
\Gm@bindingoffset=\dimen113
\Gm@wd@mp=\dimen114
\Gm@odd@mp=\dimen115
\Gm@even@mp=\dimen116
\Gm@layoutwidth=\dimen117
\Gm@layoutheight=\dimen118
\Gm@layouthoffset=\dimen119
\Gm@layoutvoffset=\dimen120
\Gm@dimlist=\toks23
) (/usr/local/texlive/2018/texmf-dist/tex/latex/graphics/graphicx.sty
Package: graphicx 2017/06/01 v1.1a Enhanced LaTeX Graphics (DPC,SPQR)
(/usr/local/texlive/2018/texmf-dist/tex/latex/graphics/graphics.sty
Package: graphics 2017/06/25 v1.2c Standard LaTeX Graphics (DPC,SPQR)
(/usr/local/texlive/2018/texmf-dist/tex/latex/graphics/trig.sty
Package: trig 2016/01/03 v1.10 sin cos tan (DPC)
) (/usr/local/texlive/2018/texmf-dist/tex/latex/graphics-cfg/graphics.cfg
File: graphics.cfg 2016/06/04 v1.11 sample graphics configuration
)
Package graphics Info: Driver file: pdftex.def on input line 99.
)
\Gin@req@height=\dimen121
\Gin@req@width=\dimen122
) (/usr/local/texlive/2018/texmf-dist/tex/latex/booktabs/booktabs.sty
Package: booktabs 2016/04/27 v1.618033 publication quality tables
\heavyrulewidth=\dimen123
\lightrulewidth=\dimen124
\cmidrulewidth=\dimen125
\belowrulesep=\dimen126
\belowbottomsep=\dimen127
\aboverulesep=\dimen128
\abovetopsep=\dimen129
\cmidrulesep=\dimen130
\cmidrulekern=\dimen131
\defaultaddspace=\dimen132
\@cmidla=\count105
\@cmidlb=\count106
\@aboverulesep=\dimen133
\@belowrulesep=\dimen134
\@thisruleclass=\count107
\@lastruleclass=\count108
\@thisrulewidth=\dimen135
) (/usr/local/texlive/2018/texmf-dist/tex/latex/tools/longtable.sty
Package: longtable 2014/10/28 v4.11 Multi-page Table package (DPC)
\LTleft=\skip47
\LTright=\skip48
\LTpre=\skip49
\LTpost=\skip50
\LTchunksize=\count109
\LTcapwidth=\dimen136
\LT@head=\box28
\LT@firsthead=\box29
\LT@foot=\box30
\LT@lastfoot=\box31
\LT@cols=\count110
\LT@rows=\count111
\c@LT@tables=\count112
\c@LT@chunks=\count113
\LT@p@ftn=\toks24
) (/usr/local/texlive/2018/texmf-dist/tex/latex/tools/array.sty
Package: array 2018/04/07 v2.4g Tabular extension package (FMi)
\col@sep=\dimen137
\ar@mcellbox=\box32
\extrarowheight=\dimen138
\NC@list=\toks25
\extratabsurround=\skip51
\backup@length=\skip52
\ar@cellbox=\box33
) (/usr/local/texlive/2018/texmf-dist/tex/latex/multirow/multirow.sty
Package: multirow 2016/11/25 v2.2 Span multiple rows of a table
\multirow@colwidth=\skip53
\multirow@cntb=\count114
\multirow@dima=\skip54
\bigstrutjot=\dimen139
) (/usr/local/texlive/2018/texmf-dist/tex/latex/wrapfig/wrapfig.sty
\wrapoverhang=\dimen140
\WF@size=\dimen141
\c@WF@wrappedlines=\count115
\WF@box=\box34
\WF@everypar=\toks26
Package: wrapfig 2003/01/31  v 3.6
) (/usr/local/texlive/2018/texmf-dist/tex/latex/float/float.sty
Package: float 2001/11/08 v1.3d Float enhancements (AL)
\c@float@type=\count116
\float@exts=\toks27
\float@box=\box35
\@float@everytoks=\toks28
\@floatcapt=\box36
) (/usr/local/texlive/2018/texmf-dist/tex/latex/colortbl/colortbl.sty
Package: colortbl 2012/02/13 v1.0a Color table columns (DPC)
\everycr=\toks29
\minrowclearance=\skip55
) (/usr/local/texlive/2018/texmf-dist/tex/latex/oberdiek/pdflscape.sty
Package: pdflscape 2016/05/14 v0.11 Display of landscape pages in PDF (HO)
(/usr/local/texlive/2018/texmf-dist/tex/latex/graphics/lscape.sty
Package: lscape 2000/10/22 v3.01 Landscape Pages (DPC)
)
Package pdflscape Info: Auto-detected driver: pdftex on input line 81.
) (/usr/local/texlive/2018/texmf-dist/tex/latex/tabu/tabu.sty
Package: tabu 2011/02/26 v2.8 - flexible LaTeX tabulars (FC)
(/usr/local/texlive/2018/texmf-dist/tex/latex/varwidth/varwidth.sty
Package: varwidth 2009/03/30 ver 0.92;  Variable-width minipages
\@vwid@box=\box37
\sift@deathcycles=\count117
\@vwid@loff=\dimen142
\@vwid@roff=\dimen143
)
\c@taburow=\count118
\tabu@nbcols=\count119
\tabu@cnt=\count120
\tabu@Xcol=\count121
\tabu@alloc=\count122
\tabu@nested=\count123
\tabu@target=\dimen144
\tabu@spreadtarget=\dimen145
\tabu@naturalX=\dimen146
\tabucolX=\dimen147
\tabu@Xsum=\dimen148
\extrarowdepth=\dimen149
\abovetabulinesep=\dimen150
\belowtabulinesep=\dimen151
\tabustrutrule=\dimen152
\tabu@thebody=\toks30
\tabu@footnotes=\toks31
\tabu@box=\box38
\tabu@arstrutbox=\box39
\tabu@hleads=\box40
\tabu@vleads=\box41
\tabu@cellskip=\skip56
)
(/usr/local/texlive/2018/texmf-dist/tex/latex/threeparttable/threeparttable.sty
Package: threeparttable 2003/06/13  v 3.0
\@tempboxb=\box42
)
(/usr/local/texlive/2018/texmf-dist/tex/latex/threeparttablex/threeparttablex.s
ty
Package: threeparttablex 2013/07/23 v0.3 by daleif
(/usr/local/texlive/2018/texmf-dist/tex/latex/environ/environ.sty
Package: environ 2014/05/04 v0.3 A new way to define environments
(/usr/local/texlive/2018/texmf-dist/tex/latex/trimspaces/trimspaces.sty
Package: trimspaces 2009/09/17 v1.1 Trim spaces around a token list
))
\TPTL@width=\skip57
) (/usr/local/texlive/2018/texmf-dist/tex/generic/ulem/ulem.sty
\UL@box=\box43
\UL@hyphenbox=\box44
\UL@skip=\skip58
\UL@hook=\toks32
\UL@height=\dimen153
\UL@pe=\count124
\UL@pixel=\dimen154
\ULC@box=\box45
Package: ulem 2012/05/18
\ULdepth=\dimen155
) (/usr/local/texlive/2018/texmf-dist/tex/latex/makecell/makecell.sty
Package: makecell 2009/08/03 V0.1e Managing of Tab Column Heads and Cells
\rotheadsize=\dimen156
\c@nlinenum=\count125
\TeXr@lab=\toks33
) (/usr/local/texlive/2018/texmf-dist/tex/latex/oberdiek/bookmark.sty
Package: bookmark 2016/05/17 v1.26 PDF bookmarks (HO)
(/usr/local/texlive/2018/texmf-dist/tex/generic/oberdiek/pdfescape.sty
Package: pdfescape 2016/05/16 v1.14 Implements pdfTeX's escape features (HO)
(/usr/local/texlive/2018/texmf-dist/tex/generic/oberdiek/ltxcmds.sty
Package: ltxcmds 2016/05/16 v1.23 LaTeX kernel commands for general use (HO)
) (/usr/local/texlive/2018/texmf-dist/tex/generic/oberdiek/pdftexcmds.sty
Package: pdftexcmds 2018/01/30 v0.27 Utility functions of pdfTeX for LuaTeX (HO
)
(/usr/local/texlive/2018/texmf-dist/tex/generic/oberdiek/infwarerr.sty
Package: infwarerr 2016/05/16 v1.4 Providing info/warning/error messages (HO)
) (/usr/local/texlive/2018/texmf-dist/tex/generic/oberdiek/ifluatex.sty
Package: ifluatex 2016/05/16 v1.4 Provides the ifluatex switch (HO)
Package ifluatex Info: LuaTeX not detected.
)
Package pdftexcmds Info: LuaTeX not detected.
Package pdftexcmds Info: \pdf@primitive is available.
Package pdftexcmds Info: \pdf@ifprimitive is available.
Package pdftexcmds Info: \pdfdraftmode found.
)) (/usr/local/texlive/2018/texmf-dist/tex/latex/hyperref/hyperref.sty
Package: hyperref 2018/02/06 v6.86b Hypertext links for LaTeX
(/usr/local/texlive/2018/texmf-dist/tex/generic/oberdiek/hobsub-hyperref.sty
Package: hobsub-hyperref 2016/05/16 v1.14 Bundle oberdiek, subset hyperref (HO)

(/usr/local/texlive/2018/texmf-dist/tex/generic/oberdiek/hobsub-generic.sty
Package: hobsub-generic 2016/05/16 v1.14 Bundle oberdiek, subset generic (HO)
Package: hobsub 2016/05/16 v1.14 Construct package bundles (HO)
Package hobsub Info: Skipping package `infwarerr' (already loaded).
Package hobsub Info: Skipping package `ltxcmds' (already loaded).
Package hobsub Info: Skipping package `ifluatex' (already loaded).
Package hobsub Info: Skipping package `ifvtex' (already loaded).
Package: intcalc 2016/05/16 v1.2 Expandable calculations with integers (HO)
Package hobsub Info: Skipping package `ifpdf' (already loaded).
Package: etexcmds 2016/05/16 v1.6 Avoid name clashes with e-TeX commands (HO)
Package etexcmds Info: Could not find \expanded.
(etexcmds)             That can mean that you are not using pdfTeX 1.50 or
(etexcmds)             that some package has redefined \expanded.
(etexcmds)             In the latter case, load this package earlier.
Package: kvsetkeys 2016/05/16 v1.17 Key value parser (HO)
Package: kvdefinekeys 2016/05/16 v1.4 Define keys (HO)
Package hobsub Info: Skipping package `pdftexcmds' (already loaded).
Package hobsub Info: Skipping package `pdfescape' (already loaded).
Package: bigintcalc 2016/05/16 v1.4 Expandable calculations on big integers (HO
)
Package: bitset 2016/05/16 v1.2 Handle bit-vector datatype (HO)
Package: uniquecounter 2016/05/16 v1.3 Provide unlimited unique counter (HO)
)
Package hobsub Info: Skipping package `hobsub' (already loaded).
Package: letltxmacro 2016/05/16 v1.5 Let assignment for LaTeX macros (HO)
Package: hopatch 2016/05/16 v1.3 Wrapper for package hooks (HO)
Package: xcolor-patch 2016/05/16 xcolor patch
Package: atveryend 2016/05/16 v1.9 Hooks at the very end of document (HO)
Package atveryend Info: \enddocument detected (standard20110627).
Package: atbegshi 2016/06/09 v1.18 At begin shipout hook (HO)
Package: refcount 2016/05/16 v3.5 Data extraction from label references (HO)
Package: hycolor 2016/05/16 v1.8 Color options for hyperref/bookmark (HO)
) (/usr/local/texlive/2018/texmf-dist/tex/latex/oberdiek/auxhook.sty
Package: auxhook 2016/05/16 v1.4 Hooks for auxiliary files (HO)
) (/usr/local/texlive/2018/texmf-dist/tex/latex/oberdiek/kvoptions.sty
Package: kvoptions 2016/05/16 v3.12 Key value format for package options (HO)
)
\@linkdim=\dimen157
\Hy@linkcounter=\count126
\Hy@pagecounter=\count127
(/usr/local/texlive/2018/texmf-dist/tex/latex/hyperref/pd1enc.def
File: pd1enc.def 2018/02/06 v6.86b Hyperref: PDFDocEncoding definition (HO)
Now handling font encoding PD1 ...
... no UTF-8 mapping file for font encoding PD1
)
\Hy@SavedSpaceFactor=\count128
(/usr/local/texlive/2018/texmf-dist/tex/latex/latexconfig/hyperref.cfg
File: hyperref.cfg 2002/06/06 v1.2 hyperref configuration of TeXLive
)
Package hyperref Info: Option `unicode' set `true' on input line 4383.
(/usr/local/texlive/2018/texmf-dist/tex/latex/hyperref/puenc.def
File: puenc.def 2018/02/06 v6.86b Hyperref: PDF Unicode definition (HO)
Now handling font encoding PU ...
... no UTF-8 mapping file for font encoding PU
)
Package hyperref Info: Hyper figures OFF on input line 4509.
Package hyperref Info: Link nesting OFF on input line 4514.
Package hyperref Info: Hyper index ON on input line 4517.
Package hyperref Info: Plain pages OFF on input line 4524.
Package hyperref Info: Backreferencing OFF on input line 4529.
Package hyperref Info: Implicit mode ON; LaTeX internals redefined.
Package hyperref Info: Bookmarks ON on input line 4762.
\c@Hy@tempcnt=\count129
(/usr/local/texlive/2018/texmf-dist/tex/latex/url/url.sty
\Urlmuskip=\muskip11
Package: url 2013/09/16  ver 3.4  Verb mode for urls, etc.
)
LaTeX Info: Redefining \url on input line 5115.
\XeTeXLinkMargin=\dimen158
\Fld@menulength=\count130
\Field@Width=\dimen159
\Fld@charsize=\dimen160
Package hyperref Info: Hyper figures OFF on input line 6369.
Package hyperref Info: Link nesting OFF on input line 6374.
Package hyperref Info: Hyper index ON on input line 6377.
Package hyperref Info: backreferencing OFF on input line 6384.
Package hyperref Info: Link coloring OFF on input line 6389.
Package hyperref Info: Link coloring with OCG OFF on input line 6394.
Package hyperref Info: PDF/A mode OFF on input line 6399.
LaTeX Info: Redefining \ref on input line 6439.
LaTeX Info: Redefining \pageref on input line 6443.
\Hy@abspage=\count131
\c@Item=\count132
\c@Hfootnote=\count133
)
Package hyperref Info: Driver (autodetected): hpdftex.
(/usr/local/texlive/2018/texmf-dist/tex/latex/hyperref/hpdftex.def
File: hpdftex.def 2018/02/06 v6.86b Hyperref driver for pdfTeX
\Fld@listcount=\count134
\c@bookmark@seq@number=\count135
(/usr/local/texlive/2018/texmf-dist/tex/latex/oberdiek/rerunfilecheck.sty
Package: rerunfilecheck 2016/05/16 v1.8 Rerun checks for auxiliary files (HO)
Package uniquecounter Info: New unique counter `rerunfilecheck' on input line 2
82.
)
\Hy@SectionHShift=\skip59
) (/usr/local/texlive/2018/texmf-dist/tex/latex/oberdiek/bkm-pdftex.def
File: bkm-pdftex.def 2016/05/17 v1.26 bookmark driver for pdfTeX (HO)
\BKM@id=\count136
)) (/usr/local/texlive/2018/texmf-dist/tex/latex/xurl/xurl.sty
Package: xurl 2018/01/09 v 0.03 modify URL breaks
) (./DvN_results.aux)
\openout1 = `DvN_results.aux'.

LaTeX Font Info:    Checking defaults for OML/cmm/m/it on input line 87.
LaTeX Font Info:    ... okay on input line 87.
LaTeX Font Info:    Checking defaults for T1/cmr/m/n on input line 87.
LaTeX Font Info:    ... okay on input line 87.
LaTeX Font Info:    Checking defaults for OT1/cmr/m/n on input line 87.
LaTeX Font Info:    ... okay on input line 87.
LaTeX Font Info:    Checking defaults for OMS/cmsy/m/n on input line 87.
LaTeX Font Info:    ... okay on input line 87.
LaTeX Font Info:    Checking defaults for OMX/cmex/m/n on input line 87.
LaTeX Font Info:    ... okay on input line 87.
LaTeX Font Info:    Checking defaults for U/cmr/m/n on input line 87.
LaTeX Font Info:    ... okay on input line 87.
LaTeX Font Info:    Checking defaults for TS1/cmr/m/n on input line 87.
LaTeX Font Info:    Try loading font information for TS1+cmr on input line 87.
(/usr/local/texlive/2018/texmf-dist/tex/latex/base/ts1cmr.fd
File: ts1cmr.fd 2014/09/29 v2.5h Standard LaTeX font definitions
)
LaTeX Font Info:    ... okay on input line 87.
LaTeX Font Info:    Checking defaults for PD1/pdf/m/n on input line 87.
LaTeX Font Info:    ... okay on input line 87.
LaTeX Font Info:    Checking defaults for PU/pdf/m/n on input line 87.
LaTeX Font Info:    ... okay on input line 87.
LaTeX Font Info:    Try loading font information for T1+lmr on input line 87.
(/usr/local/texlive/2018/texmf-dist/tex/latex/lm/t1lmr.fd
File: t1lmr.fd 2009/10/30 v1.6 Font defs for Latin Modern
)
LaTeX Info: Redefining \microtypecontext on input line 87.
Package microtype Info: Generating PDF output.
Package microtype Info: Character protrusion enabled (level 2).
Package microtype Info: Using protrusion set `basicmath'.
Package microtype Info: Automatic font expansion enabled (level 2),
(microtype)             stretch: 20, shrink: 20, step: 1, non-selected.
Package microtype Info: Using default expansion set `basictext'.
Package microtype Info: No adjustment of tracking.
Package microtype Info: No adjustment of interword spacing.
Package microtype Info: No adjustment of character kerning.
(/usr/local/texlive/2018/texmf-dist/tex/latex/microtype/mt-cmr.cfg
File: mt-cmr.cfg 2013/05/19 v2.2 microtype config. file: Computer Modern Roman 
(RS)
) (/usr/local/texlive/2018/texmf-dist/tex/context/base/mkii/supp-pdf.mkii
[Loading MPS to PDF converter (version 2006.09.02).]
\scratchcounter=\count137
\scratchdimen=\dimen161
\scratchbox=\box46
\nofMPsegments=\count138
\nofMParguments=\count139
\everyMPshowfont=\toks34
\MPscratchCnt=\count140
\MPscratchDim=\dimen162
\MPnumerator=\count141
\makeMPintoPDFobject=\count142
\everyMPtoPDFconversion=\toks35
) (/usr/local/texlive/2018/texmf-dist/tex/latex/oberdiek/epstopdf-base.sty
Package: epstopdf-base 2016/05/15 v2.6 Base part for package epstopdf
(/usr/local/texlive/2018/texmf-dist/tex/latex/oberdiek/grfext.sty
Package: grfext 2016/05/16 v1.2 Manage graphics extensions (HO)
)
Package epstopdf-base Info: Redefining graphics rule for `.eps' on input line 4
38.
Package grfext Info: Graphics extension search list:
(grfext)             [.pdf,.png,.jpg,.mps,.jpeg,.jbig2,.jb2,.PDF,.PNG,.JPG,.JPE
G,.JBIG2,.JB2,.eps]
(grfext)             \AppendGraphicsExtensions on input line 456.
(/usr/local/texlive/2018/texmf-dist/tex/latex/latexconfig/epstopdf-sys.cfg
File: epstopdf-sys.cfg 2010/07/13 v1.3 Configuration of (r)epstopdf for TeX Liv
e
))
*geometry* driver: auto-detecting
*geometry* detected driver: pdftex
*geometry* verbose mode - [ preamble ] result:
* driver: pdftex
* paper: <default>
* layout: <same size as paper>
* layoutoffset:(h,v)=(0.0pt,0.0pt)
* modes: 
* h-part:(L,W,R)=(72.26999pt, 469.75502pt, 72.26999pt)
* v-part:(T,H,B)=(72.26999pt, 650.43001pt, 72.26999pt)
* \paperwidth=614.295pt
* \paperheight=794.96999pt
* \textwidth=469.75502pt
* \textheight=650.43001pt
* \oddsidemargin=0.0pt
* \evensidemargin=0.0pt
* \topmargin=-37.0pt
* \headheight=12.0pt
* \headsep=25.0pt
* \topskip=10.0pt
* \footskip=30.0pt
* \marginparwidth=65.0pt
* \marginparsep=11.0pt
* \columnsep=10.0pt
* \skip\footins=9.0pt plus 4.0pt minus 2.0pt
* \hoffset=0.0pt
* \voffset=0.0pt
* \mag=1000
* \@twocolumnfalse
* \@twosidefalse
* \@mparswitchfalse
* \@reversemarginfalse
* (1in=72.27pt=25.4mm, 1cm=28.453pt)

\AtBeginShipoutBox=\box47
Package hyperref Info: Link coloring OFF on input line 87.
(/usr/local/texlive/2018/texmf-dist/tex/latex/hyperref/nameref.sty
Package: nameref 2016/05/21 v2.44 Cross-referencing by name of section
(/usr/local/texlive/2018/texmf-dist/tex/generic/oberdiek/gettitlestring.sty
Package: gettitlestring 2016/05/16 v1.5 Cleanup title references (HO)
)
\c@section@level=\count143
)
LaTeX Info: Redefining \ref on input line 87.
LaTeX Info: Redefining \pageref on input line 87.
LaTeX Info: Redefining \nameref on input line 87.
LaTeX Font Info:    Try loading font information for OT1+lmr on input line 89.
(/usr/local/texlive/2018/texmf-dist/tex/latex/lm/ot1lmr.fd
File: ot1lmr.fd 2009/10/30 v1.6 Font defs for Latin Modern
)
LaTeX Font Info:    Try loading font information for OML+lmm on input line 89.
(/usr/local/texlive/2018/texmf-dist/tex/latex/lm/omllmm.fd
File: omllmm.fd 2009/10/30 v1.6 Font defs for Latin Modern
)
LaTeX Font Info:    Try loading font information for OMS+lmsy on input line 89.

(/usr/local/texlive/2018/texmf-dist/tex/latex/lm/omslmsy.fd
File: omslmsy.fd 2009/10/30 v1.6 Font defs for Latin Modern
)
LaTeX Font Info:    Try loading font information for OMX+lmex on input line 89.

(/usr/local/texlive/2018/texmf-dist/tex/latex/lm/omxlmex.fd
File: omxlmex.fd 2009/10/30 v1.6 Font defs for Latin Modern
)
LaTeX Font Info:    External font `lmex10' loaded for size
(Font)              <12> on input line 89.
LaTeX Font Info:    External font `lmex10' loaded for size
(Font)              <8> on input line 89.
LaTeX Font Info:    External font `lmex10' loaded for size
(Font)              <6> on input line 89.
LaTeX Font Info:    Try loading font information for U+msa on input line 89.
(/usr/local/texlive/2018/texmf-dist/tex/latex/amsfonts/umsa.fd
File: umsa.fd 2013/01/14 v3.01 AMS symbols A
) (/usr/local/texlive/2018/texmf-dist/tex/latex/microtype/mt-msa.cfg
File: mt-msa.cfg 2006/02/04 v1.1 microtype config. file: AMS symbols (a) (RS)
)
LaTeX Font Info:    Try loading font information for U+msb on input line 89.
(/usr/local/texlive/2018/texmf-dist/tex/latex/amsfonts/umsb.fd
File: umsb.fd 2013/01/14 v3.01 AMS symbols B
) (/usr/local/texlive/2018/texmf-dist/tex/latex/microtype/mt-msb.cfg
File: mt-msb.cfg 2005/06/01 v1.0 microtype config. file: AMS symbols (b) (RS)
)
LaTeX Font Info:    Try loading font information for T1+lmtt on input line 96.
(/usr/local/texlive/2018/texmf-dist/tex/latex/lm/t1lmtt.fd
File: t1lmtt.fd 2009/10/30 v1.6 Font defs for Latin Modern
) [1

{/usr/local/texlive/2018/texmf-var/fonts/map/pdftex/updmap/pdftex.map}] [2]
LaTeX Font Info:    Try loading font information for TS1+lmtt on input line 215
.
(/usr/local/texlive/2018/texmf-dist/tex/latex/lm/ts1lmtt.fd
File: ts1lmtt.fd 2009/10/30 v1.6 Font defs for Latin Modern
)

LaTeX Warning: File `DvN_results_files/figure-latex/EFFECTIVENESS COMPARISONS-1
.pdf' not found on input line 217.

<DvN_results_files/figure-latex/EFFECTIVENESS COMPARISONS-1.pdf, id=20, 453.695
pt x 308.15125pt>
File: DvN_results_files/figure-latex/EFFECTIVENESS COMPARISONS-1.pdf Graphic fi
le (type pdf)
<use DvN_results_files/figure-latex/EFFECTIVENESS COMPARISONS-1.pdf>
Package pdftex.def Info: DvN_results_files/figure-latex/EFFECTIVENESS COMPARISO
NS-1.pdf  used on input line 217.
(pdftex.def)             Requested size: 453.6939pt x 308.15048pt.

Overfull \hbox (84.6943pt too wide) in paragraph at lines 217--218
[]\T1/lmr/m/n/10 (-20) COMPARISONS-1.pdf [] 
 []

[3 <./DvN_results_files/figure-latex/EFFECTIVENESS COMPARISONS-1.pdf>] [4] [5] 
[6]

LaTeX Warning: File `DvN_results_files/figure-latex/POLL DEP-1.pdf' not found o
n input line 472.

<DvN_results_files/figure-latex/POLL DEP-1.pdf, id=55, 463.7325pt x 316.18124pt
>
File: DvN_results_files/figure-latex/POLL DEP-1.pdf Graphic file (type pdf)
<use DvN_results_files/figure-latex/POLL DEP-1.pdf>
Package pdftex.def Info: DvN_results_files/figure-latex/POLL DEP-1.pdf  used on
 input line 472.
(pdftex.def)             Requested size: 463.73842pt x 316.18529pt.

Overfull \hbox (42.0804pt too wide) in paragraph at lines 472--473
[]\T1/lmr/m/n/10 (-20) DEP-1.pdf [] 
 []

[7]

LaTeX Warning: File `DvN_results_files/figure-latex/POLL DEP-2.pdf' not found o
n input line 503.

<DvN_results_files/figure-latex/POLL DEP-2.pdf, id=63, 463.7325pt x 316.18124pt
>
File: DvN_results_files/figure-latex/POLL DEP-2.pdf Graphic file (type pdf)
<use DvN_results_files/figure-latex/POLL DEP-2.pdf>
Package pdftex.def Info: DvN_results_files/figure-latex/POLL DEP-2.pdf  used on
 input line 503.
(pdftex.def)             Requested size: 463.73842pt x 316.18529pt.

Overfull \hbox (42.0804pt too wide) in paragraph at lines 503--504
[]\T1/lmr/m/n/10 (-20) DEP-2.pdf [] 
 []

[8 <./DvN_results_files/figure-latex/POLL DEP-1.pdf>]

LaTeX Warning: File `DvN_results_files/figure-latex/POLL DEP-3.pdf' not found o
n input line 533.

<DvN_results_files/figure-latex/POLL DEP-3.pdf, id=81, 463.7325pt x 316.18124pt
>
File: DvN_results_files/figure-latex/POLL DEP-3.pdf Graphic file (type pdf)
<use DvN_results_files/figure-latex/POLL DEP-3.pdf>
Package pdftex.def Info: DvN_results_files/figure-latex/POLL DEP-3.pdf  used on
 input line 533.
(pdftex.def)             Requested size: 463.73842pt x 316.18529pt.

Overfull \hbox (42.0804pt too wide) in paragraph at lines 533--534
[]\T1/lmr/m/n/10 (-20) DEP-3.pdf [] 
 []

[9 <./DvN_results_files/figure-latex/POLL DEP-2.pdf>]

LaTeX Warning: File `DvN_results_files/figure-latex/POLL DEP-4.pdf' not found o
n input line 567.

<DvN_results_files/figure-latex/POLL DEP-4.pdf, id=99, 463.7325pt x 316.18124pt
>
File: DvN_results_files/figure-latex/POLL DEP-4.pdf Graphic file (type pdf)
<use DvN_results_files/figure-latex/POLL DEP-4.pdf>
Package pdftex.def Info: DvN_results_files/figure-latex/POLL DEP-4.pdf  used on
 input line 567.
(pdftex.def)             Requested size: 463.73842pt x 316.18529pt.

Overfull \hbox (42.0804pt too wide) in paragraph at lines 567--568
[]\T1/lmr/m/n/10 (-20) DEP-4.pdf [] 
 []

[10 <./DvN_results_files/figure-latex/POLL DEP-3.pdf>]

LaTeX Warning: File `DvN_results_files/figure-latex/POLL DEP-5.pdf' not found o
n input line 597.

<DvN_results_files/figure-latex/POLL DEP-5.pdf, id=117, 463.7325pt x 316.18124p
t>
File: DvN_results_files/figure-latex/POLL DEP-5.pdf Graphic file (type pdf)
<use DvN_results_files/figure-latex/POLL DEP-5.pdf>
Package pdftex.def Info: DvN_results_files/figure-latex/POLL DEP-5.pdf  used on
 input line 597.
(pdftex.def)             Requested size: 463.73842pt x 316.18529pt.

Overfull \hbox (42.0804pt too wide) in paragraph at lines 597--598
[]\T1/lmr/m/n/10 (-20) DEP-5.pdf [] 
 []

[11 <./DvN_results_files/figure-latex/POLL DEP-4.pdf>]

LaTeX Warning: File `DvN_results_files/figure-latex/POLL DEP-6.pdf' not found o
n input line 627.

<DvN_results_files/figure-latex/POLL DEP-6.pdf, id=135, 463.7325pt x 316.18124p
t>
File: DvN_results_files/figure-latex/POLL DEP-6.pdf Graphic file (type pdf)
<use DvN_results_files/figure-latex/POLL DEP-6.pdf>
Package pdftex.def Info: DvN_results_files/figure-latex/POLL DEP-6.pdf  used on
 input line 627.
(pdftex.def)             Requested size: 463.73842pt x 316.18529pt.

Overfull \hbox (42.0804pt too wide) in paragraph at lines 627--628
[]\T1/lmr/m/n/10 (-20) DEP-6.pdf [] 
 []

[12 <./DvN_results_files/figure-latex/POLL DEP-5.pdf>] [13 <./DvN_results_files
/figure-latex/POLL DEP-6.pdf>]
<DvN_results_files/figure-latex/unnamed-chunk-1-1.pdf, id=174, 321.2pt x 316.18
124pt>
File: DvN_results_files/figure-latex/unnamed-chunk-1-1.pdf Graphic file (type p
df)
<use DvN_results_files/figure-latex/unnamed-chunk-1-1.pdf>
Package pdftex.def Info: DvN_results_files/figure-latex/unnamed-chunk-1-1.pdf  
used on input line 692.
(pdftex.def)             Requested size: 321.20901pt x 316.19011pt.
<DvN_results_files/figure-latex/unnamed-chunk-1-2.pdf, id=175, 321.2pt x 316.18
124pt>
File: DvN_results_files/figure-latex/unnamed-chunk-1-2.pdf Graphic file (type p
df)
<use DvN_results_files/figure-latex/unnamed-chunk-1-2.pdf>
Package pdftex.def Info: DvN_results_files/figure-latex/unnamed-chunk-1-2.pdf  
used on input line 704.
(pdftex.def)             Requested size: 321.20901pt x 316.19011pt.
[14 <./DvN_results_files/figure-latex/unnamed-chunk-1-1.pdf>]
<DvN_results_files/figure-latex/unnamed-chunk-1-3.pdf, id=198, 321.2pt x 316.18
124pt>
File: DvN_results_files/figure-latex/unnamed-chunk-1-3.pdf Graphic file (type p
df)
<use DvN_results_files/figure-latex/unnamed-chunk-1-3.pdf>
Package pdftex.def Info: DvN_results_files/figure-latex/unnamed-chunk-1-3.pdf  
used on input line 716.
(pdftex.def)             Requested size: 321.20901pt x 316.19011pt.
[15 <./DvN_results_files/figure-latex/unnamed-chunk-1-2.pdf>] [16 <./DvN_result
s_files/figure-latex/unnamed-chunk-1-3.pdf>] [17]
<DvN_results_files/figure-latex/unnamed-chunk-1-4.pdf, id=247, 463.7325pt x 313
.17pt>
File: DvN_results_files/figure-latex/unnamed-chunk-1-4.pdf Graphic file (type p
df)
<use DvN_results_files/figure-latex/unnamed-chunk-1-4.pdf>
Package pdftex.def Info: DvN_results_files/figure-latex/unnamed-chunk-1-4.pdf  
used on input line 812.
(pdftex.def)             Requested size: 463.73842pt x 313.174pt.
[18 <./DvN_results_files/figure-latex/unnamed-chunk-1-4.pdf>]
<DvN_results_files/figure-latex/unnamed-chunk-1-5.pdf, id=266, 463.7325pt x 313
.17pt>
File: DvN_results_files/figure-latex/unnamed-chunk-1-5.pdf Graphic file (type p
df)
<use DvN_results_files/figure-latex/unnamed-chunk-1-5.pdf>
Package pdftex.def Info: DvN_results_files/figure-latex/unnamed-chunk-1-5.pdf  
used on input line 848.
(pdftex.def)             Requested size: 463.73842pt x 313.174pt.
[19 <./DvN_results_files/figure-latex/unnamed-chunk-1-5.pdf>]
<DvN_results_files/figure-latex/unnamed-chunk-1-6.pdf, id=285, 463.7325pt x 313
.17pt>
File: DvN_results_files/figure-latex/unnamed-chunk-1-6.pdf Graphic file (type p
df)
<use DvN_results_files/figure-latex/unnamed-chunk-1-6.pdf>
Package pdftex.def Info: DvN_results_files/figure-latex/unnamed-chunk-1-6.pdf  
used on input line 910.
(pdftex.def)             Requested size: 463.73842pt x 313.174pt.
[20] [21 <./DvN_results_files/figure-latex/unnamed-chunk-1-6.pdf>]

LaTeX Warning: File `DvN_results_files/figure-latex/Categorical traits-1.pdf' n
ot found on input line 997.

<DvN_results_files/figure-latex/Categorical traits-1.pdf, id=309, 463.7325pt x 
308.15125pt>
File: DvN_results_files/figure-latex/Categorical traits-1.pdf Graphic file (typ
e pdf)
<use DvN_results_files/figure-latex/Categorical traits-1.pdf>
Package pdftex.def Info: DvN_results_files/figure-latex/Categorical traits-1.pd
f  used on input line 997.
(pdftex.def)             Requested size: 463.73842pt x 308.15518pt.

Overfull \hbox (44.204pt too wide) in paragraph at lines 997--998
[]\T1/lmr/m/n/10 (-20) traits-1.pdf [] 
 []

[22 <./DvN_results_files/figure-latex/Categorical traits-1.pdf>]

LaTeX Warning: File `DvN_results_files/figure-latex/Categorical traits-2.pdf' n
ot found on input line 1032.

<DvN_results_files/figure-latex/Categorical traits-2.pdf, id=327, 463.7325pt x 
308.15125pt>
File: DvN_results_files/figure-latex/Categorical traits-2.pdf Graphic file (typ
e pdf)
<use DvN_results_files/figure-latex/Categorical traits-2.pdf>
Package pdftex.def Info: DvN_results_files/figure-latex/Categorical traits-2.pd
f  used on input line 1032.
(pdftex.def)             Requested size: 463.73842pt x 308.15518pt.

Overfull \hbox (44.204pt too wide) in paragraph at lines 1032--1033
[]\T1/lmr/m/n/10 (-20) traits-2.pdf [] 
 []

[23 <./DvN_results_files/figure-latex/Categorical traits-2.pdf>]

LaTeX Warning: File `DvN_results_files/figure-latex/Categorical traits-3.pdf' n
ot found on input line 1068.

<DvN_results_files/figure-latex/Categorical traits-3.pdf, id=345, 459.7175pt x 
308.15125pt>
File: DvN_results_files/figure-latex/Categorical traits-3.pdf Graphic file (typ
e pdf)
<use DvN_results_files/figure-latex/Categorical traits-3.pdf>
Package pdftex.def Info: DvN_results_files/figure-latex/Categorical traits-3.pd
f  used on input line 1068.
(pdftex.def)             Requested size: 459.74442pt x 308.16928pt.

Overfull \hbox (40.20999pt too wide) in paragraph at lines 1068--1069
[]\T1/lmr/m/n/10 (-20) traits-3.pdf [] 
 []

[24] [25 <./DvN_results_files/figure-latex/Categorical traits-3.pdf>]

LaTeX Warning: File `DvN_results_files/figure-latex/Categorical traits-4.pdf' n
ot found on input line 1109.

<DvN_results_files/figure-latex/Categorical traits-4.pdf, id=368, 463.7325pt x 
308.15125pt>
File: DvN_results_files/figure-latex/Categorical traits-4.pdf Graphic file (typ
e pdf)
<use DvN_results_files/figure-latex/Categorical traits-4.pdf>
Package pdftex.def Info: DvN_results_files/figure-latex/Categorical traits-4.pd
f  used on input line 1109.
(pdftex.def)             Requested size: 463.73842pt x 308.15518pt.

Overfull \hbox (44.204pt too wide) in paragraph at lines 1109--1110
[]\T1/lmr/m/n/10 (-20) traits-4.pdf [] 
 []

[26 <./DvN_results_files/figure-latex/Categorical traits-4.pdf>]

LaTeX Warning: File `DvN_results_files/figure-latex/Categorical traits-5.pdf' n
ot found on input line 1142.

<DvN_results_files/figure-latex/Categorical traits-5.pdf, id=386, 463.7325pt x 
308.15125pt>
File: DvN_results_files/figure-latex/Categorical traits-5.pdf Graphic file (typ
e pdf)
<use DvN_results_files/figure-latex/Categorical traits-5.pdf>
Package pdftex.def Info: DvN_results_files/figure-latex/Categorical traits-5.pd
f  used on input line 1142.
(pdftex.def)             Requested size: 463.73842pt x 308.15518pt.

Overfull \hbox (44.204pt too wide) in paragraph at lines 1142--1143
[]\T1/lmr/m/n/10 (-20) traits-5.pdf [] 
 []

[27 <./DvN_results_files/figure-latex/Categorical traits-5.pdf>]

LaTeX Warning: File `DvN_results_files/figure-latex/Categorical traits-6.pdf' n
ot found on input line 1174.

<DvN_results_files/figure-latex/Categorical traits-6.pdf, id=405, 463.7325pt x 
308.15125pt>
File: DvN_results_files/figure-latex/Categorical traits-6.pdf Graphic file (typ
e pdf)
<use DvN_results_files/figure-latex/Categorical traits-6.pdf>
Package pdftex.def Info: DvN_results_files/figure-latex/Categorical traits-6.pd
f  used on input line 1174.
(pdftex.def)             Requested size: 463.73842pt x 308.15518pt.

Overfull \hbox (44.204pt too wide) in paragraph at lines 1174--1175
[]\T1/lmr/m/n/10 (-20) traits-6.pdf [] 
 []

[28 <./DvN_results_files/figure-latex/Categorical traits-6.pdf>]

LaTeX Warning: File `DvN_results_files/figure-latex/Categorical traits-7.pdf' n
ot found on input line 1204.

<DvN_results_files/figure-latex/Categorical traits-7.pdf, id=423, 459.7175pt x 
308.15125pt>
File: DvN_results_files/figure-latex/Categorical traits-7.pdf Graphic file (typ
e pdf)
<use DvN_results_files/figure-latex/Categorical traits-7.pdf>
Package pdftex.def Info: DvN_results_files/figure-latex/Categorical traits-7.pd
f  used on input line 1204.
(pdftex.def)             Requested size: 459.74442pt x 308.16928pt.

Overfull \hbox (40.20999pt too wide) in paragraph at lines 1204--1205
[]\T1/lmr/m/n/10 (-20) traits-7.pdf [] 
 []

[29 <./DvN_results_files/figure-latex/Categorical traits-7.pdf>]

LaTeX Warning: File `DvN_results_files/figure-latex/Categorical traits-8.pdf' n
ot found on input line 1234.

<DvN_results_files/figure-latex/Categorical traits-8.pdf, id=441, 459.7175pt x 
308.15125pt>
File: DvN_results_files/figure-latex/Categorical traits-8.pdf Graphic file (typ
e pdf)
<use DvN_results_files/figure-latex/Categorical traits-8.pdf>
Package pdftex.def Info: DvN_results_files/figure-latex/Categorical traits-8.pd
f  used on input line 1234.
(pdftex.def)             Requested size: 459.74442pt x 308.16928pt.

Overfull \hbox (40.20999pt too wide) in paragraph at lines 1234--1235
[]\T1/lmr/m/n/10 (-20) traits-8.pdf [] 
 []

[30 <./DvN_results_files/figure-latex/Categorical traits-8.pdf>]

LaTeX Warning: File `DvN_results_files/figure-latex/Categorical traits-9.pdf' n
ot found on input line 1264.

<DvN_results_files/figure-latex/Categorical traits-9.pdf, id=459, 459.7175pt x 
308.15125pt>
File: DvN_results_files/figure-latex/Categorical traits-9.pdf Graphic file (typ
e pdf)
<use DvN_results_files/figure-latex/Categorical traits-9.pdf>
Package pdftex.def Info: DvN_results_files/figure-latex/Categorical traits-9.pd
f  used on input line 1264.
(pdftex.def)             Requested size: 459.74442pt x 308.16928pt.

Overfull \hbox (40.20999pt too wide) in paragraph at lines 1264--1265
[]\T1/lmr/m/n/10 (-20) traits-9.pdf [] 
 []

[31 <./DvN_results_files/figure-latex/Categorical traits-9.pdf>]

LaTeX Warning: File `DvN_results_files/figure-latex/Categorical traits-10.pdf' 
not found on input line 1295.

<DvN_results_files/figure-latex/Categorical traits-10.pdf, id=478, 465.74pt x 3
08.15125pt>
File: DvN_results_files/figure-latex/Categorical traits-10.pdf Graphic file (ty
pe pdf)
<use DvN_results_files/figure-latex/Categorical traits-10.pdf>
Package pdftex.def Info: DvN_results_files/figure-latex/Categorical traits-10.p
df  used on input line 1295.
(pdftex.def)             Requested size: 465.75307pt x 308.15988pt.

Overfull \hbox (51.11864pt too wide) in paragraph at lines 1295--1296
[]\T1/lmr/m/n/10 (-20) traits-10.pdf [] 
 []

[32 <./DvN_results_files/figure-latex/Categorical traits-10.pdf>]

LaTeX Warning: File `DvN_results_files/figure-latex/Categorical traits-11.pdf' 
not found on input line 1330.

<DvN_results_files/figure-latex/Categorical traits-11.pdf, id=496, 463.7325pt x
 308.15125pt>
File: DvN_results_files/figure-latex/Categorical traits-11.pdf Graphic file (ty
pe pdf)
<use DvN_results_files/figure-latex/Categorical traits-11.pdf>
Package pdftex.def Info: DvN_results_files/figure-latex/Categorical traits-11.p
df  used on input line 1330.
(pdftex.def)             Requested size: 463.73842pt x 308.15518pt.

Overfull \hbox (49.10399pt too wide) in paragraph at lines 1330--1331
[]\T1/lmr/m/n/10 (-20) traits-11.pdf [] 
 []

[33 <./DvN_results_files/figure-latex/Categorical traits-11.pdf>]

LaTeX Warning: File `DvN_results_files/figure-latex/Categorical traits-12.pdf' 
not found on input line 1365.

<DvN_results_files/figure-latex/Categorical traits-12.pdf, id=514, 459.7175pt x
 308.15125pt>
File: DvN_results_files/figure-latex/Categorical traits-12.pdf Graphic file (ty
pe pdf)
<use DvN_results_files/figure-latex/Categorical traits-12.pdf>
Package pdftex.def Info: DvN_results_files/figure-latex/Categorical traits-12.p
df  used on input line 1365.
(pdftex.def)             Requested size: 459.74442pt x 308.16928pt.

Overfull \hbox (45.10999pt too wide) in paragraph at lines 1365--1366
[]\T1/lmr/m/n/10 (-20) traits-12.pdf [] 
 []

[34 <./DvN_results_files/figure-latex/Categorical traits-12.pdf>]

LaTeX Warning: File `DvN_results_files/figure-latex/Categorical traits-13.pdf' 
not found on input line 1406.

<DvN_results_files/figure-latex/Categorical traits-13.pdf, id=533, 463.7325pt x
 308.15125pt>
File: DvN_results_files/figure-latex/Categorical traits-13.pdf Graphic file (ty
pe pdf)
<use DvN_results_files/figure-latex/Categorical traits-13.pdf>
Package pdftex.def Info: DvN_results_files/figure-latex/Categorical traits-13.p
df  used on input line 1406.
(pdftex.def)             Requested size: 463.73842pt x 308.15518pt.

Overfull \hbox (49.10399pt too wide) in paragraph at lines 1406--1407
[]\T1/lmr/m/n/10 (-20) traits-13.pdf [] 
 []

[35 <./DvN_results_files/figure-latex/Categorical traits-13.pdf>]

LaTeX Warning: File `DvN_results_files/figure-latex/Categorical traits-14.pdf' 
not found on input line 1439.

<DvN_results_files/figure-latex/Categorical traits-14.pdf, id=551, 463.7325pt x
 308.15125pt>
File: DvN_results_files/figure-latex/Categorical traits-14.pdf Graphic file (ty
pe pdf)
<use DvN_results_files/figure-latex/Categorical traits-14.pdf>
Package pdftex.def Info: DvN_results_files/figure-latex/Categorical traits-14.p
df  used on input line 1439.
(pdftex.def)             Requested size: 463.73842pt x 308.15518pt.

Overfull \hbox (49.10399pt too wide) in paragraph at lines 1439--1440
[]\T1/lmr/m/n/10 (-20) traits-14.pdf [] 
 []

[36 <./DvN_results_files/figure-latex/Categorical traits-14.pdf>]

LaTeX Warning: File `DvN_results_files/figure-latex/Categorical traits-15.pdf' 
not found on input line 1471.

<DvN_results_files/figure-latex/Categorical traits-15.pdf, id=569, 463.7325pt x
 308.15125pt>
File: DvN_results_files/figure-latex/Categorical traits-15.pdf Graphic file (ty
pe pdf)
<use DvN_results_files/figure-latex/Categorical traits-15.pdf>
Package pdftex.def Info: DvN_results_files/figure-latex/Categorical traits-15.p
df  used on input line 1471.
(pdftex.def)             Requested size: 463.73842pt x 308.15518pt.

Overfull \hbox (49.10399pt too wide) in paragraph at lines 1471--1472
[]\T1/lmr/m/n/10 (-20) traits-15.pdf [] 
 []

[37 <./DvN_results_files/figure-latex/Categorical traits-15.pdf>]

LaTeX Warning: File `DvN_results_files/figure-latex/Categorical traits-16.pdf' 
not found on input line 1501.

<DvN_results_files/figure-latex/Categorical traits-16.pdf, id=588, 459.7175pt x
 308.15125pt>
File: DvN_results_files/figure-latex/Categorical traits-16.pdf Graphic file (ty
pe pdf)
<use DvN_results_files/figure-latex/Categorical traits-16.pdf>
Package pdftex.def Info: DvN_results_files/figure-latex/Categorical traits-16.p
df  used on input line 1501.
(pdftex.def)             Requested size: 459.74442pt x 308.16928pt.

Overfull \hbox (45.10999pt too wide) in paragraph at lines 1501--1502
[]\T1/lmr/m/n/10 (-20) traits-16.pdf [] 
 []

[38 <./DvN_results_files/figure-latex/Categorical traits-16.pdf>]

LaTeX Warning: File `DvN_results_files/figure-latex/Categorical traits-17.pdf' 
not found on input line 1531.

<DvN_results_files/figure-latex/Categorical traits-17.pdf, id=606, 459.7175pt x
 308.15125pt>
File: DvN_results_files/figure-latex/Categorical traits-17.pdf Graphic file (ty
pe pdf)
<use DvN_results_files/figure-latex/Categorical traits-17.pdf>
Package pdftex.def Info: DvN_results_files/figure-latex/Categorical traits-17.p
df  used on input line 1531.
(pdftex.def)             Requested size: 459.74442pt x 308.16928pt.

Overfull \hbox (45.10999pt too wide) in paragraph at lines 1531--1532
[]\T1/lmr/m/n/10 (-20) traits-17.pdf [] 
 []

[39 <./DvN_results_files/figure-latex/Categorical traits-17.pdf>]

LaTeX Warning: File `DvN_results_files/figure-latex/Categorical traits-18.pdf' 
not found on input line 1561.

<DvN_results_files/figure-latex/Categorical traits-18.pdf, id=624, 459.7175pt x
 308.15125pt>
File: DvN_results_files/figure-latex/Categorical traits-18.pdf Graphic file (ty
pe pdf)
<use DvN_results_files/figure-latex/Categorical traits-18.pdf>
Package pdftex.def Info: DvN_results_files/figure-latex/Categorical traits-18.p
df  used on input line 1561.
(pdftex.def)             Requested size: 459.74442pt x 308.16928pt.

Overfull \hbox (45.10999pt too wide) in paragraph at lines 1561--1562
[]\T1/lmr/m/n/10 (-20) traits-18.pdf [] 
 []

[40 <./DvN_results_files/figure-latex/Categorical traits-18.pdf>]

LaTeX Warning: File `DvN_results_files/figure-latex/Categorical traits-19.pdf' 
not found on input line 1596.

<DvN_results_files/figure-latex/Categorical traits-19.pdf, id=642, 463.7325pt x
 307.1475pt>
File: DvN_results_files/figure-latex/Categorical traits-19.pdf Graphic file (ty
pe pdf)
<use DvN_results_files/figure-latex/Categorical traits-19.pdf>
Package pdftex.def Info: DvN_results_files/figure-latex/Categorical traits-19.p
df  used on input line 1596.
(pdftex.def)             Requested size: 463.73842pt x 307.15143pt.

Overfull \hbox (49.10399pt too wide) in paragraph at lines 1596--1597
[]\T1/lmr/m/n/10 (-20) traits-19.pdf [] 
 []

[41 <./DvN_results_files/figure-latex/Categorical traits-19.pdf>]

LaTeX Warning: File `DvN_results_files/figure-latex/Categorical traits-20.pdf' 
not found on input line 1631.

<DvN_results_files/figure-latex/Categorical traits-20.pdf, id=661, 463.7325pt x
 307.1475pt>
File: DvN_results_files/figure-latex/Categorical traits-20.pdf Graphic file (ty
pe pdf)
<use DvN_results_files/figure-latex/Categorical traits-20.pdf>
Package pdftex.def Info: DvN_results_files/figure-latex/Categorical traits-20.p
df  used on input line 1631.
(pdftex.def)             Requested size: 463.73842pt x 307.15143pt.

Overfull \hbox (49.10399pt too wide) in paragraph at lines 1631--1632
[]\T1/lmr/m/n/10 (-20) traits-20.pdf [] 
 []

[42 <./DvN_results_files/figure-latex/Categorical traits-20.pdf>]

LaTeX Warning: File `DvN_results_files/figure-latex/Categorical traits-21.pdf' 
not found on input line 1667.

<DvN_results_files/figure-latex/Categorical traits-21.pdf, id=679, 459.7175pt x
 307.1475pt>
File: DvN_results_files/figure-latex/Categorical traits-21.pdf Graphic file (ty
pe pdf)
<use DvN_results_files/figure-latex/Categorical traits-21.pdf>
Package pdftex.def Info: DvN_results_files/figure-latex/Categorical traits-21.p
df  used on input line 1667.
(pdftex.def)             Requested size: 459.74442pt x 307.16548pt.

Overfull \hbox (45.10999pt too wide) in paragraph at lines 1667--1668
[]\T1/lmr/m/n/10 (-20) traits-21.pdf [] 
 []

[43 <./DvN_results_files/figure-latex/Categorical traits-21.pdf>]

LaTeX Warning: File `DvN_results_files/figure-latex/Categorical traits-22.pdf' 
not found on input line 1706.

<DvN_results_files/figure-latex/Categorical traits-22.pdf, id=698, 463.7325pt x
 307.1475pt>
File: DvN_results_files/figure-latex/Categorical traits-22.pdf Graphic file (ty
pe pdf)
<use DvN_results_files/figure-latex/Categorical traits-22.pdf>
Package pdftex.def Info: DvN_results_files/figure-latex/Categorical traits-22.p
df  used on input line 1706.
(pdftex.def)             Requested size: 463.73842pt x 307.15143pt.

Overfull \hbox (49.10399pt too wide) in paragraph at lines 1706--1707
[]\T1/lmr/m/n/10 (-20) traits-22.pdf [] 
 []

[44]

LaTeX Warning: File `DvN_results_files/figure-latex/Categorical traits-23.pdf' 
not found on input line 1739.

<DvN_results_files/figure-latex/Categorical traits-23.pdf, id=703, 463.7325pt x
 307.1475pt>
File: DvN_results_files/figure-latex/Categorical traits-23.pdf Graphic file (ty
pe pdf)
<use DvN_results_files/figure-latex/Categorical traits-23.pdf>
Package pdftex.def Info: DvN_results_files/figure-latex/Categorical traits-23.p
df  used on input line 1739.
(pdftex.def)             Requested size: 463.73842pt x 307.15143pt.

Overfull \hbox (49.10399pt too wide) in paragraph at lines 1739--1740
[]\T1/lmr/m/n/10 (-20) traits-23.pdf [] 
 []

[45 <./DvN_results_files/figure-latex/Categorical traits-22.pdf>]

LaTeX Warning: File `DvN_results_files/figure-latex/Categorical traits-24.pdf' 
not found on input line 1771.

<DvN_results_files/figure-latex/Categorical traits-24.pdf, id=721, 463.7325pt x
 307.1475pt>
File: DvN_results_files/figure-latex/Categorical traits-24.pdf Graphic file (ty
pe pdf)
<use DvN_results_files/figure-latex/Categorical traits-24.pdf>
Package pdftex.def Info: DvN_results_files/figure-latex/Categorical traits-24.p
df  used on input line 1771.
(pdftex.def)             Requested size: 463.73842pt x 307.15143pt.

Overfull \hbox (49.10399pt too wide) in paragraph at lines 1771--1772
[]\T1/lmr/m/n/10 (-20) traits-24.pdf [] 
 []

[46 <./DvN_results_files/figure-latex/Categorical traits-23.pdf>]

LaTeX Warning: File `DvN_results_files/figure-latex/Categorical traits-25.pdf' 
not found on input line 1801.

<DvN_results_files/figure-latex/Categorical traits-25.pdf, id=739, 459.7175pt x
 307.1475pt>
File: DvN_results_files/figure-latex/Categorical traits-25.pdf Graphic file (ty
pe pdf)
<use DvN_results_files/figure-latex/Categorical traits-25.pdf>
Package pdftex.def Info: DvN_results_files/figure-latex/Categorical traits-25.p
df  used on input line 1801.
(pdftex.def)             Requested size: 459.74442pt x 307.16548pt.

Overfull \hbox (45.10999pt too wide) in paragraph at lines 1801--1802
[]\T1/lmr/m/n/10 (-20) traits-25.pdf [] 
 []

[47 <./DvN_results_files/figure-latex/Categorical traits-24.pdf>]

LaTeX Warning: File `DvN_results_files/figure-latex/Categorical traits-26.pdf' 
not found on input line 1831.

<DvN_results_files/figure-latex/Categorical traits-26.pdf, id=757, 459.7175pt x
 307.1475pt>
File: DvN_results_files/figure-latex/Categorical traits-26.pdf Graphic file (ty
pe pdf)
<use DvN_results_files/figure-latex/Categorical traits-26.pdf>
Package pdftex.def Info: DvN_results_files/figure-latex/Categorical traits-26.p
df  used on input line 1831.
(pdftex.def)             Requested size: 459.74442pt x 307.16548pt.

Overfull \hbox (45.10999pt too wide) in paragraph at lines 1831--1832
[]\T1/lmr/m/n/10 (-20) traits-26.pdf [] 
 []

[48 <./DvN_results_files/figure-latex/Categorical traits-25.pdf>]

LaTeX Warning: File `DvN_results_files/figure-latex/Categorical traits-27.pdf' 
not found on input line 1861.

<DvN_results_files/figure-latex/Categorical traits-27.pdf, id=775, 459.7175pt x
 307.1475pt>
File: DvN_results_files/figure-latex/Categorical traits-27.pdf Graphic file (ty
pe pdf)
<use DvN_results_files/figure-latex/Categorical traits-27.pdf>
Package pdftex.def Info: DvN_results_files/figure-latex/Categorical traits-27.p
df  used on input line 1861.
(pdftex.def)             Requested size: 459.74442pt x 307.16548pt.

Overfull \hbox (45.10999pt too wide) in paragraph at lines 1861--1862
[]\T1/lmr/m/n/10 (-20) traits-27.pdf [] 
 []

[49 <./DvN_results_files/figure-latex/Categorical traits-26.pdf>] [50 <./DvN_re
sults_files/figure-latex/Categorical traits-27.pdf>]

LaTeX Warning: File `DvN_results_files/figure-latex/Categorical traits-28.pdf' 
not found on input line 1896.

<DvN_results_files/figure-latex/Categorical traits-28.pdf, id=812, 463.7325pt x
 307.1475pt>
File: DvN_results_files/figure-latex/Categorical traits-28.pdf Graphic file (ty
pe pdf)
<use DvN_results_files/figure-latex/Categorical traits-28.pdf>
Package pdftex.def Info: DvN_results_files/figure-latex/Categorical traits-28.p
df  used on input line 1896.
(pdftex.def)             Requested size: 463.73842pt x 307.15143pt.

Overfull \hbox (49.10399pt too wide) in paragraph at lines 1896--1897
[]\T1/lmr/m/n/10 (-20) traits-28.pdf [] 
 []

[51 <./DvN_results_files/figure-latex/Categorical traits-28.pdf>]

LaTeX Warning: File `DvN_results_files/figure-latex/Categorical traits-29.pdf' 
not found on input line 1931.

<DvN_results_files/figure-latex/Categorical traits-29.pdf, id=830, 463.7325pt x
 307.1475pt>
File: DvN_results_files/figure-latex/Categorical traits-29.pdf Graphic file (ty
pe pdf)
<use DvN_results_files/figure-latex/Categorical traits-29.pdf>
Package pdftex.def Info: DvN_results_files/figure-latex/Categorical traits-29.p
df  used on input line 1931.
(pdftex.def)             Requested size: 463.73842pt x 307.15143pt.

Overfull \hbox (49.10399pt too wide) in paragraph at lines 1931--1932
[]\T1/lmr/m/n/10 (-20) traits-29.pdf [] 
 []

[52 <./DvN_results_files/figure-latex/Categorical traits-29.pdf>]

LaTeX Warning: File `DvN_results_files/figure-latex/Categorical traits-30.pdf' 
not found on input line 1966.

<DvN_results_files/figure-latex/Categorical traits-30.pdf, id=848, 459.7175pt x
 307.1475pt>
File: DvN_results_files/figure-latex/Categorical traits-30.pdf Graphic file (ty
pe pdf)
<use DvN_results_files/figure-latex/Categorical traits-30.pdf>
Package pdftex.def Info: DvN_results_files/figure-latex/Categorical traits-30.p
df  used on input line 1966.
(pdftex.def)             Requested size: 459.74442pt x 307.16548pt.

Overfull \hbox (45.10999pt too wide) in paragraph at lines 1966--1967
[]\T1/lmr/m/n/10 (-20) traits-30.pdf [] 
 []

[53 <./DvN_results_files/figure-latex/Categorical traits-30.pdf>]

LaTeX Warning: File `DvN_results_files/figure-latex/Categorical traits-31.pdf' 
not found on input line 2007.

<DvN_results_files/figure-latex/Categorical traits-31.pdf, id=866, 463.7325pt x
 307.1475pt>
File: DvN_results_files/figure-latex/Categorical traits-31.pdf Graphic file (ty
pe pdf)
<use DvN_results_files/figure-latex/Categorical traits-31.pdf>
Package pdftex.def Info: DvN_results_files/figure-latex/Categorical traits-31.p
df  used on input line 2007.
(pdftex.def)             Requested size: 463.73842pt x 307.15143pt.

Overfull \hbox (49.10399pt too wide) in paragraph at lines 2007--2008
[]\T1/lmr/m/n/10 (-20) traits-31.pdf [] 
 []

[54 <./DvN_results_files/figure-latex/Categorical traits-31.pdf>]

LaTeX Warning: File `DvN_results_files/figure-latex/Categorical traits-32.pdf' 
not found on input line 2040.

<DvN_results_files/figure-latex/Categorical traits-32.pdf, id=884, 463.7325pt x
 307.1475pt>
File: DvN_results_files/figure-latex/Categorical traits-32.pdf Graphic file (ty
pe pdf)
<use DvN_results_files/figure-latex/Categorical traits-32.pdf>
Package pdftex.def Info: DvN_results_files/figure-latex/Categorical traits-32.p
df  used on input line 2040.
(pdftex.def)             Requested size: 463.73842pt x 307.15143pt.

Overfull \hbox (49.10399pt too wide) in paragraph at lines 2040--2041
[]\T1/lmr/m/n/10 (-20) traits-32.pdf [] 
 []

[55 <./DvN_results_files/figure-latex/Categorical traits-32.pdf>]

LaTeX Warning: File `DvN_results_files/figure-latex/Categorical traits-33.pdf' 
not found on input line 2072.

<DvN_results_files/figure-latex/Categorical traits-33.pdf, id=903, 463.7325pt x
 307.1475pt>
File: DvN_results_files/figure-latex/Categorical traits-33.pdf Graphic file (ty
pe pdf)
<use DvN_results_files/figure-latex/Categorical traits-33.pdf>
Package pdftex.def Info: DvN_results_files/figure-latex/Categorical traits-33.p
df  used on input line 2072.
(pdftex.def)             Requested size: 463.73842pt x 307.15143pt.

Overfull \hbox (49.10399pt too wide) in paragraph at lines 2072--2073
[]\T1/lmr/m/n/10 (-20) traits-33.pdf [] 
 []

[56 <./DvN_results_files/figure-latex/Categorical traits-33.pdf>]

LaTeX Warning: File `DvN_results_files/figure-latex/Categorical traits-34.pdf' 
not found on input line 2102.

<DvN_results_files/figure-latex/Categorical traits-34.pdf, id=922, 459.7175pt x
 307.1475pt>
File: DvN_results_files/figure-latex/Categorical traits-34.pdf Graphic file (ty
pe pdf)
<use DvN_results_files/figure-latex/Categorical traits-34.pdf>
Package pdftex.def Info: DvN_results_files/figure-latex/Categorical traits-34.p
df  used on input line 2102.
(pdftex.def)             Requested size: 459.74442pt x 307.16548pt.

Overfull \hbox (45.10999pt too wide) in paragraph at lines 2102--2103
[]\T1/lmr/m/n/10 (-20) traits-34.pdf [] 
 []

[57 <./DvN_results_files/figure-latex/Categorical traits-34.pdf>]

LaTeX Warning: File `DvN_results_files/figure-latex/Categorical traits-35.pdf' 
not found on input line 2132.

<DvN_results_files/figure-latex/Categorical traits-35.pdf, id=940, 459.7175pt x
 307.1475pt>
File: DvN_results_files/figure-latex/Categorical traits-35.pdf Graphic file (ty
pe pdf)
<use DvN_results_files/figure-latex/Categorical traits-35.pdf>
Package pdftex.def Info: DvN_results_files/figure-latex/Categorical traits-35.p
df  used on input line 2132.
(pdftex.def)             Requested size: 459.74442pt x 307.16548pt.

Overfull \hbox (45.10999pt too wide) in paragraph at lines 2132--2133
[]\T1/lmr/m/n/10 (-20) traits-35.pdf [] 
 []

[58 <./DvN_results_files/figure-latex/Categorical traits-35.pdf>]

LaTeX Warning: File `DvN_results_files/figure-latex/Categorical traits-36.pdf' 
not found on input line 2162.

<DvN_results_files/figure-latex/Categorical traits-36.pdf, id=958, 459.7175pt x
 307.1475pt>
File: DvN_results_files/figure-latex/Categorical traits-36.pdf Graphic file (ty
pe pdf)
<use DvN_results_files/figure-latex/Categorical traits-36.pdf>
Package pdftex.def Info: DvN_results_files/figure-latex/Categorical traits-36.p
df  used on input line 2162.
(pdftex.def)             Requested size: 459.74442pt x 307.16548pt.

Overfull \hbox (45.10999pt too wide) in paragraph at lines 2162--2163
[]\T1/lmr/m/n/10 (-20) traits-36.pdf [] 
 []

[59 <./DvN_results_files/figure-latex/Categorical traits-36.pdf>]

LaTeX Warning: File `DvN_results_files/figure-latex/Categorical traits-37.pdf' 
not found on input line 2193.

<DvN_results_files/figure-latex/Categorical traits-37.pdf, id=976, 463.7325pt x
 308.15125pt>
File: DvN_results_files/figure-latex/Categorical traits-37.pdf Graphic file (ty
pe pdf)
<use DvN_results_files/figure-latex/Categorical traits-37.pdf>
Package pdftex.def Info: DvN_results_files/figure-latex/Categorical traits-37.p
df  used on input line 2193.
(pdftex.def)             Requested size: 463.73842pt x 308.15518pt.

Overfull \hbox (49.10399pt too wide) in paragraph at lines 2193--2194
[]\T1/lmr/m/n/10 (-20) traits-37.pdf [] 
 []

[60 <./DvN_results_files/figure-latex/Categorical traits-37.pdf>]

LaTeX Warning: File `DvN_results_files/figure-latex/Categorical traits-38.pdf' 
not found on input line 2228.

<DvN_results_files/figure-latex/Categorical traits-38.pdf, id=994, 463.7325pt x
 308.15125pt>
File: DvN_results_files/figure-latex/Categorical traits-38.pdf Graphic file (ty
pe pdf)
<use DvN_results_files/figure-latex/Categorical traits-38.pdf>
Package pdftex.def Info: DvN_results_files/figure-latex/Categorical traits-38.p
df  used on input line 2228.
(pdftex.def)             Requested size: 463.73842pt x 308.15518pt.

Overfull \hbox (49.10399pt too wide) in paragraph at lines 2228--2229
[]\T1/lmr/m/n/10 (-20) traits-38.pdf [] 
 []

[61 <./DvN_results_files/figure-latex/Categorical traits-38.pdf>]

LaTeX Warning: File `DvN_results_files/figure-latex/Categorical traits-39.pdf' 
not found on input line 2264.

<DvN_results_files/figure-latex/Categorical traits-39.pdf, id=1013, 459.7175pt 
x 308.15125pt>
File: DvN_results_files/figure-latex/Categorical traits-39.pdf Graphic file (ty
pe pdf)
<use DvN_results_files/figure-latex/Categorical traits-39.pdf>
Package pdftex.def Info: DvN_results_files/figure-latex/Categorical traits-39.p
df  used on input line 2264.
(pdftex.def)             Requested size: 459.74442pt x 308.16928pt.

Overfull \hbox (45.10999pt too wide) in paragraph at lines 2264--2265
[]\T1/lmr/m/n/10 (-20) traits-39.pdf [] 
 []

[62 <./DvN_results_files/figure-latex/Categorical traits-39.pdf>]

LaTeX Warning: File `DvN_results_files/figure-latex/Categorical traits-40.pdf' 
not found on input line 2303.

<DvN_results_files/figure-latex/Categorical traits-40.pdf, id=1031, 463.7325pt 
x 308.15125pt>
File: DvN_results_files/figure-latex/Categorical traits-40.pdf Graphic file (ty
pe pdf)
<use DvN_results_files/figure-latex/Categorical traits-40.pdf>
Package pdftex.def Info: DvN_results_files/figure-latex/Categorical traits-40.p
df  used on input line 2303.
(pdftex.def)             Requested size: 463.73842pt x 308.15518pt.

Overfull \hbox (49.10399pt too wide) in paragraph at lines 2303--2304
[]\T1/lmr/m/n/10 (-20) traits-40.pdf [] 
 []

[63 <./DvN_results_files/figure-latex/Categorical traits-40.pdf>]

LaTeX Warning: File `DvN_results_files/figure-latex/Categorical traits-41.pdf' 
not found on input line 2336.

<DvN_results_files/figure-latex/Categorical traits-41.pdf, id=1050, 463.7325pt 
x 308.15125pt>
File: DvN_results_files/figure-latex/Categorical traits-41.pdf Graphic file (ty
pe pdf)
<use DvN_results_files/figure-latex/Categorical traits-41.pdf>
Package pdftex.def Info: DvN_results_files/figure-latex/Categorical traits-41.p
df  used on input line 2336.
(pdftex.def)             Requested size: 463.73842pt x 308.15518pt.

Overfull \hbox (49.10399pt too wide) in paragraph at lines 2336--2337
[]\T1/lmr/m/n/10 (-20) traits-41.pdf [] 
 []

[64 <./DvN_results_files/figure-latex/Categorical traits-41.pdf>]

LaTeX Warning: File `DvN_results_files/figure-latex/Categorical traits-42.pdf' 
not found on input line 2368.

<DvN_results_files/figure-latex/Categorical traits-42.pdf, id=1068, 463.7325pt 
x 308.15125pt>
File: DvN_results_files/figure-latex/Categorical traits-42.pdf Graphic file (ty
pe pdf)
<use DvN_results_files/figure-latex/Categorical traits-42.pdf>
Package pdftex.def Info: DvN_results_files/figure-latex/Categorical traits-42.p
df  used on input line 2368.
(pdftex.def)             Requested size: 463.73842pt x 308.15518pt.

Overfull \hbox (49.10399pt too wide) in paragraph at lines 2368--2369
[]\T1/lmr/m/n/10 (-20) traits-42.pdf [] 
 []

[65 <./DvN_results_files/figure-latex/Categorical traits-42.pdf>]

LaTeX Warning: File `DvN_results_files/figure-latex/Categorical traits-43.pdf' 
not found on input line 2398.

<DvN_results_files/figure-latex/Categorical traits-43.pdf, id=1086, 459.7175pt 
x 308.15125pt>
File: DvN_results_files/figure-latex/Categorical traits-43.pdf Graphic file (ty
pe pdf)
<use DvN_results_files/figure-latex/Categorical traits-43.pdf>
Package pdftex.def Info: DvN_results_files/figure-latex/Categorical traits-43.p
df  used on input line 2398.
(pdftex.def)             Requested size: 459.74442pt x 308.16928pt.

Overfull \hbox (45.10999pt too wide) in paragraph at lines 2398--2399
[]\T1/lmr/m/n/10 (-20) traits-43.pdf [] 
 []

[66 <./DvN_results_files/figure-latex/Categorical traits-43.pdf>]

LaTeX Warning: File `DvN_results_files/figure-latex/Categorical traits-44.pdf' 
not found on input line 2428.

<DvN_results_files/figure-latex/Categorical traits-44.pdf, id=1104, 459.7175pt 
x 308.15125pt>
File: DvN_results_files/figure-latex/Categorical traits-44.pdf Graphic file (ty
pe pdf)
<use DvN_results_files/figure-latex/Categorical traits-44.pdf>
Package pdftex.def Info: DvN_results_files/figure-latex/Categorical traits-44.p
df  used on input line 2428.
(pdftex.def)             Requested size: 459.74442pt x 308.16928pt.

Overfull \hbox (45.10999pt too wide) in paragraph at lines 2428--2429
[]\T1/lmr/m/n/10 (-20) traits-44.pdf [] 
 []

[67 <./DvN_results_files/figure-latex/Categorical traits-44.pdf>]

LaTeX Warning: File `DvN_results_files/figure-latex/Categorical traits-45.pdf' 
not found on input line 2458.

<DvN_results_files/figure-latex/Categorical traits-45.pdf, id=1123, 459.7175pt 
x 308.15125pt>
File: DvN_results_files/figure-latex/Categorical traits-45.pdf Graphic file (ty
pe pdf)
<use DvN_results_files/figure-latex/Categorical traits-45.pdf>
Package pdftex.def Info: DvN_results_files/figure-latex/Categorical traits-45.p
df  used on input line 2458.
(pdftex.def)             Requested size: 459.74442pt x 308.16928pt.

Overfull \hbox (45.10999pt too wide) in paragraph at lines 2458--2459
[]\T1/lmr/m/n/10 (-20) traits-45.pdf [] 
 []

[68 <./DvN_results_files/figure-latex/Categorical traits-45.pdf>]

LaTeX Warning: File `DvN_results_files/figure-latex/Categorical traits-46.pdf' 
not found on input line 2489.

<DvN_results_files/figure-latex/Categorical traits-46.pdf, id=1141, 463.7325pt 
x 308.15125pt>
File: DvN_results_files/figure-latex/Categorical traits-46.pdf Graphic file (ty
pe pdf)
<use DvN_results_files/figure-latex/Categorical traits-46.pdf>
Package pdftex.def Info: DvN_results_files/figure-latex/Categorical traits-46.p
df  used on input line 2489.
(pdftex.def)             Requested size: 463.73842pt x 308.15518pt.

Overfull \hbox (49.10399pt too wide) in paragraph at lines 2489--2490
[]\T1/lmr/m/n/10 (-20) traits-46.pdf [] 
 []

[69 <./DvN_results_files/figure-latex/Categorical traits-46.pdf>]

LaTeX Warning: File `DvN_results_files/figure-latex/Categorical traits-47.pdf' 
not found on input line 2524.

<DvN_results_files/figure-latex/Categorical traits-47.pdf, id=1159, 463.7325pt 
x 308.15125pt>
File: DvN_results_files/figure-latex/Categorical traits-47.pdf Graphic file (ty
pe pdf)
<use DvN_results_files/figure-latex/Categorical traits-47.pdf>
Package pdftex.def Info: DvN_results_files/figure-latex/Categorical traits-47.p
df  used on input line 2524.
(pdftex.def)             Requested size: 463.73842pt x 308.15518pt.

Overfull \hbox (49.10399pt too wide) in paragraph at lines 2524--2525
[]\T1/lmr/m/n/10 (-20) traits-47.pdf [] 
 []

[70 <./DvN_results_files/figure-latex/Categorical traits-47.pdf>]

LaTeX Warning: File `DvN_results_files/figure-latex/Categorical traits-48.pdf' 
not found on input line 2559.

<DvN_results_files/figure-latex/Categorical traits-48.pdf, id=1177, 459.7175pt 
x 308.15125pt>
File: DvN_results_files/figure-latex/Categorical traits-48.pdf Graphic file (ty
pe pdf)
<use DvN_results_files/figure-latex/Categorical traits-48.pdf>
Package pdftex.def Info: DvN_results_files/figure-latex/Categorical traits-48.p
df  used on input line 2559.
(pdftex.def)             Requested size: 459.74442pt x 308.16928pt.

Overfull \hbox (45.10999pt too wide) in paragraph at lines 2559--2560
[]\T1/lmr/m/n/10 (-20) traits-48.pdf [] 
 []

[71 <./DvN_results_files/figure-latex/Categorical traits-48.pdf>]

LaTeX Warning: File `DvN_results_files/figure-latex/Categorical traits-49.pdf' 
not found on input line 2600.

<DvN_results_files/figure-latex/Categorical traits-49.pdf, id=1196, 463.7325pt 
x 308.15125pt>
File: DvN_results_files/figure-latex/Categorical traits-49.pdf Graphic file (ty
pe pdf)
<use DvN_results_files/figure-latex/Categorical traits-49.pdf>
Package pdftex.def Info: DvN_results_files/figure-latex/Categorical traits-49.p
df  used on input line 2600.
(pdftex.def)             Requested size: 463.73842pt x 308.15518pt.

Overfull \hbox (49.10399pt too wide) in paragraph at lines 2600--2601
[]\T1/lmr/m/n/10 (-20) traits-49.pdf [] 
 []

[72]

LaTeX Warning: File `DvN_results_files/figure-latex/Categorical traits-50.pdf' 
not found on input line 2633.

<DvN_results_files/figure-latex/Categorical traits-50.pdf, id=1201, 463.7325pt 
x 308.15125pt>
File: DvN_results_files/figure-latex/Categorical traits-50.pdf Graphic file (ty
pe pdf)
<use DvN_results_files/figure-latex/Categorical traits-50.pdf>
Package pdftex.def Info: DvN_results_files/figure-latex/Categorical traits-50.p
df  used on input line 2633.
(pdftex.def)             Requested size: 463.73842pt x 308.15518pt.

Overfull \hbox (49.10399pt too wide) in paragraph at lines 2633--2634
[]\T1/lmr/m/n/10 (-20) traits-50.pdf [] 
 []

[73 <./DvN_results_files/figure-latex/Categorical traits-49.pdf>]

LaTeX Warning: File `DvN_results_files/figure-latex/Categorical traits-51.pdf' 
not found on input line 2665.

<DvN_results_files/figure-latex/Categorical traits-51.pdf, id=1220, 463.7325pt 
x 308.15125pt>
File: DvN_results_files/figure-latex/Categorical traits-51.pdf Graphic file (ty
pe pdf)
<use DvN_results_files/figure-latex/Categorical traits-51.pdf>
Package pdftex.def Info: DvN_results_files/figure-latex/Categorical traits-51.p
df  used on input line 2665.
(pdftex.def)             Requested size: 463.73842pt x 308.15518pt.

Overfull \hbox (49.10399pt too wide) in paragraph at lines 2665--2666
[]\T1/lmr/m/n/10 (-20) traits-51.pdf [] 
 []

[74 <./DvN_results_files/figure-latex/Categorical traits-50.pdf>]

LaTeX Warning: File `DvN_results_files/figure-latex/Categorical traits-52.pdf' 
not found on input line 2695.

<DvN_results_files/figure-latex/Categorical traits-52.pdf, id=1238, 459.7175pt 
x 308.15125pt>
File: DvN_results_files/figure-latex/Categorical traits-52.pdf Graphic file (ty
pe pdf)
<use DvN_results_files/figure-latex/Categorical traits-52.pdf>
Package pdftex.def Info: DvN_results_files/figure-latex/Categorical traits-52.p
df  used on input line 2695.
(pdftex.def)             Requested size: 459.74442pt x 308.16928pt.

Overfull \hbox (45.10999pt too wide) in paragraph at lines 2695--2696
[]\T1/lmr/m/n/10 (-20) traits-52.pdf [] 
 []

[75 <./DvN_results_files/figure-latex/Categorical traits-51.pdf>]

LaTeX Warning: File `DvN_results_files/figure-latex/Categorical traits-53.pdf' 
not found on input line 2725.

<DvN_results_files/figure-latex/Categorical traits-53.pdf, id=1256, 459.7175pt 
x 308.15125pt>
File: DvN_results_files/figure-latex/Categorical traits-53.pdf Graphic file (ty
pe pdf)
<use DvN_results_files/figure-latex/Categorical traits-53.pdf>
Package pdftex.def Info: DvN_results_files/figure-latex/Categorical traits-53.p
df  used on input line 2725.
(pdftex.def)             Requested size: 459.74442pt x 308.16928pt.

Overfull \hbox (45.10999pt too wide) in paragraph at lines 2725--2726
[]\T1/lmr/m/n/10 (-20) traits-53.pdf [] 
 []

[76 <./DvN_results_files/figure-latex/Categorical traits-52.pdf>]

LaTeX Warning: File `DvN_results_files/figure-latex/Categorical traits-54.pdf' 
not found on input line 2755.

<DvN_results_files/figure-latex/Categorical traits-54.pdf, id=1274, 459.7175pt 
x 308.15125pt>
File: DvN_results_files/figure-latex/Categorical traits-54.pdf Graphic file (ty
pe pdf)
<use DvN_results_files/figure-latex/Categorical traits-54.pdf>
Package pdftex.def Info: DvN_results_files/figure-latex/Categorical traits-54.p
df  used on input line 2755.
(pdftex.def)             Requested size: 459.74442pt x 308.16928pt.

Overfull \hbox (45.10999pt too wide) in paragraph at lines 2755--2756
[]\T1/lmr/m/n/10 (-20) traits-54.pdf [] 
 []

Package atveryend Info: Empty hook `BeforeClearDocument' on input line 2757.
[77 <./DvN_results_files/figure-latex/Categorical traits-53.pdf>] [78 <./DvN_re
sults_files/figure-latex/Categorical traits-54.pdf>]
Package atveryend Info: Empty hook `AfterLastShipout' on input line 2757.
(./DvN_results.aux)
Package atveryend Info: Executing hook `AtVeryEndDocument' on input line 2757.
Package atveryend Info: Empty hook `AtEndAfterFileList' on input line 2757.
Package atveryend Info: Empty hook `AtVeryVeryEnd' on input line 2757.
 ) 
Here is how much of TeX's memory you used:
 14407 strings out of 492649
 223069 string characters out of 6129622
 333934 words of memory out of 5000000
 17942 multiletter control sequences out of 15000+600000
 30076 words of font info for 46 fonts, out of 8000000 for 9000
 1141 hyphenation exceptions out of 8191
 34i,7n,38p,1345b,458s stack positions out of 5000i,500n,10000p,200000b,80000s
{/usr/local/texlive/2018/texmf-dist/fonts/enc/dvips/lm/lm-ts1.enc}{/usr/local
/texlive/2018/texmf-dist/fonts/enc/dvips/lm/lm-ec.enc}</usr/local/texlive/2018/
texmf-dist/fonts/type1/public/lm/lmbx10.pfb></usr/local/texlive/2018/texmf-dist
/fonts/type1/public/lm/lmr10.pfb></usr/local/texlive/2018/texmf-dist/fonts/type
1/public/lm/lmr12.pfb></usr/local/texlive/2018/texmf-dist/fonts/type1/public/lm
/lmr17.pfb></usr/local/texlive/2018/texmf-dist/fonts/type1/public/lm/lmtt10.pfb
>
Output written on DvN_results.pdf (78 pages, 1305700 bytes).
PDF statistics:
 1374 PDF objects out of 1440 (max. 8388607)
 1077 compressed objects within 11 object streams
 91 named destinations out of 1000 (max. 500000)
 8576 words of extra memory for PDF output out of 10000 (max. 10000000)

